4 221 234 174 255
4 216 179 222 115
3 167 53 181
3 0 241 292
4 36 33 68 71
3 180 40 78
3 65 281 35
3 116 230 199
3 296 244 264
3 168 277 219
3 54 28 31
3 34 32 20
3 108 282 223
3 85 204 106
3 275 29 238
3 87 284 250
3 41 128 265
3 184 102 266
3 164 172 242
3 249 146 12
3 99 214 196
3 212 121 155
3 110 217 51
3 88 239 289
3 75 50 192
3 103 185 182
3 80 271 142
3 72 202 152
3 4 14 59
3 8 64 55
3 7 122 141
3 294 295 176
3 148 158 280
3 134 82 67
3 162 268 154
3 259 3 215
3 159 243 66
3 286 157 104
3 246 111 228
3 299 254 145
3 203 209 100
3 24 26 43
3 133 236 17
3 210 207 252
3 62 11 297
3 161 86 288
3 127 89 251
3 13 253 126
3 260 191 120
3 276 170 206
3 136 258 256
3 220 27 30
3 92 61 262
3 95 160 97
3 58 163 47
3 137 177 186
3 290 109 233
3 227 117 279
3 193 298 231
3 15 73 37
3 218 197 229
3 273 22 143
3 150 23 1
3 285 90 189
3 225 195 272
3 107 147 270
3 74 48 94
3 144 114 194
3 56 237 240
3 105 269 46
3 18 6 135
3 171 190 123
3 187 140 69
3 263 76 293
3 38 42 208
3 63 70 173
3 125 10 9
3 156 83 151
3 261 101 84
3 60 25 278
3 200 93 178
3 57 235 153
3 19 201 211
3 198 131 77
3 213 5 169
3 267 283 49
3 44 119 257
3 129 118 52
3 79 287 247
3 245 138 149
3 226 81 132
3 21 98 2
3 113 139 274
3 224 248 130
2 91 205
3 232 124 175
3 166 16 165
2 96 112
3 188 45 183
2 39 291
