26 0 648 1236 1335 1589 1876 2376 2867 3197 3398 3622 3893 4391 4911 5409 5678 5897 6434 7145 7420 7927 8100 8662 8954 9440 9695
27 1 203 665 924 1359 1853 2377 2622 3050 3152 3624 3944 4394 4913 5153 5626 5885 5886 6510 6919 7497 7941 8204 8444 8679 9169 9709
26 2 311 652 1095 1817 2131 2645 3083 3344 3837 4382 4644 4914 5156 5413 5887 6131 6619 6920 7390 7922 8162 8513 8955 9173 9700
26 3 471 938 1352 1583 1834 2268 2612 2880 3601 3671 4384 4626 4915 5415 5927 6482 7008 7589 8136 8448 8686 8956 9257 9809 9913
27 4 655 897 1308 1592 2070 2591 2982 3211 3614 3887 4625 4916 5248 5884 6316 6523 6760 7230 7421 7936 8169 8453 9155 9449 9685 9711
24 5 36 1078 1549 2074 2140 2490 2987 3501 3883 4407 4917 5389 5658 6124 6578 6921 7232 7489 8153 8459 8690 9183 9713
25 6 670 1079 1362 1839 2379 2851 3135 3625 3955 4403 4664 4968 5615 5666 6363 6670 6673 7200 7694 8181 8693 8976 9448 9958
24 7 553 905 1364 1599 2342 2815 3350 3878 4130 4500 4924 5375 5650 5889 6421 6922 7205 7509 8173 8442 8697 9175 9714
27 8 660 941 1369 1596 2110 2383 2852 3104 3358 3630 4082 4406 4920 4991 5482 5890 6132 6423 6731 7332 7750 8183 8694 8957 9681 9962
22 9 662 1274 1619 2318 2853 3371 3400 3888 4395 4923 5357 5665 6371 6836 6944 7593 8108 8452 8959 9683 9989
26 10 84 482 671 979 1370 1838 1841 2425 2623 3206 3728 4207 4410 4667 5119 5484 5891 6530 6931 7617 8184 8325 8696 9176 9961
25 11 470 911 1397 1861 2354 2672 3130 3631 4132 4668 5160 5579 5892 6125 6353 6669 6923 7336 7722 8300 8682 8920 9197 9715
25 12 667 1213 1844 2264 2617 3084 3610 3892 4424 5124 5406 5426 5679 6128 6380 6623 7157 7620 7937 8503 9166 9177 9456 9970
26 13 669 1317 1597 2076 2368 2624 3133 3401 3896 4131 4653 4944 5385 5675 6135 6186 6433 7168 7500 7942 8456 8960 9264 9697 9996
26 14 565 893 1143 1600 2111 2615 3085 3402 3901 4387 4411 4922 5379 5667 6150 6391 6686 7400 7742 8434 8524 8878 9178 9701 9964
25 15 475 751 1073 1371 1845 2095 2380 2856 3116 3405 3900 4408 4928 5427 5898 6400 6890 7382 7623 8045 8463 9113 9453 9984
25 16 598 1214 1602 1992 2384 2629 3134 3879 4118 4504 5003 5618 6037 6457 6677 6937 7422 7770 8185 8699 8962 8967 9337 9716
29 17 489 575 982 1325 1604 1884 2282 2632 3114 3396 3634 4102 4412 4935 5161 5268 5664 6032 6584 6915 7192 7625 8103 8447 8680 8968 9459 9921
23 18 673 1099 1608 2112 2385 2637 3139 3638 4139 4422 4937 5401 5683 6286 6688 7206 7912 8186 8465 8971 9428 9717
27 19 21 588 1082 1632 2116 2600 2858 3171 3652 4351 4654 5048 5619 5899 6138 6607 6689 6694 6916 6929 7423 7943 8469 8977 9460 9922
25 20 698 1087 1627 1877 2397 2863 3136 3639 4106 4413 4927 5449 6002 6134 6426 6707 7189 7636 7945 8330 8928 9185 9566 9975
26 22 498 764 1329 1633 2344 2643 3141 3640 3721 4094 4122 4414 4635 4925 5314 5668 5900 6428 6938 7424 7951 8510 8972 9390 9972
27 23 509 895 1088 1726 2360 2626 2857 3086 3414 3702 4330 4639 4929 5620 5747 6149 6667 7110 7473 7952 8189 8191 8472 8980 9581 9718
28 24 26 583 674 995 1572 1846 2136 2838 2877 3411 3641 4140 4930 5157 5477 5684 6140 6427 6939 7211 7501 7947 8466 8974 9199 9256 9721
22 25 519 590 1229 1610 2117 2859 3143 3643 4392 4931 5366 5633 6130 6435 6940 7425 7697 7959 8474 8983 9461
28 27 531 896 1093 1639 2077 2362 2627 3154 3646 3902 4396 4623 4932 5372 5660 5901 6202 6437 6891 7213 7699 8190 8471 8978 9143 9462 9923
27 28 554 624 1083 1552 2086 2387 2866 3162 3706 4133 4863 5045 5412 5902 5904 6388 6762 7169 7430 7667 8158 8193 8687 8982 9464 9720
26 29 30 514 898 1377 2087 2390 2868 3178 3649 4128 4530 5127 5622 5906 6356 6588 6946 7354 7703 8200 8698 8703 8825 9443 9963
27 31 678 1096 1376 1847 2391 2881 3146 3511 3903 4445 5144 5632 5907 6143 6739 6963 7432 7958 8460 8640 8731 8931 9187 9452 9468 9990
24 32 469 906 1574 1973 2291 2607 2882 3261 3650 4077 4629 4933 5325 5805 6151 6743 7175 7643 7960 8428 8700 9377 9723
25 33 595 910 1575 2097 2421 3074 3416 3895 4134 4679 4939 5377 5532 5908 6396 6698 6947 7433 8132 8572 9159 9463 9583 9985
25 34 303 599 915 1386 1614 2166 2392 2885 3161 3653 4135 4631 4943 5485 6136 6617 6941 7469 7966 8479 8984 9210 9806 9995
25 35 294 681 1101 1390 1885 2393 2647 3163 3651 3819 4397 4655 5158 5416 5814 6390 6861 7207 7476 8192 8480 9082 9466 9722
26 37 479 1076 1577 1895 2468 2869 2887 3423 3904 4214 4409 4659 4934 5417 5815 6146 6438 6699 7147 7505 7961 8482 8985 9469 9725
25 38 602 1104 1566 1856 2388 2634 3087 3628 3906 4146 4662 5414 5749 6397 6704 7210 7436 7962 8461 8732 9192 9696 9707 9956
25 39 48 480 1080 1580 1645 2363 2865 3307 3408 3629 3965 4632 4941 5492 5917 6158 6823 7215 7811 8196 8483 8988 9457 9728
30 40 365 890 1105 1375 1851 2123 2394 2644 3149 3157 3524 3884 4398 4638 4942 5382 5656 5910 6152 6901 6943 7438 7700 8449 8485 8811 9188 9729 9988
28 41 46 608 903 1360 1852 1879 2124 2613 2873 3274 3885 4123 4400 4663 5019 5422 5682 6392 6591 6949 7440 7933 8199 8516 8989 9189 9731
24 42 525 999 1378 2118 2170 2875 3155 3418 3656 4404 4535 4947 5419 5685 6203 6675 7046 7441 8197 8486 8734 9215 9957
25 43 592 960 1392 1859 2129 2512 2646 3159 3626 4136 4418 4949 5635 5921 6398 6624 7054 7633 7948 8206 8705 9191 9437 9734
25 44 616 1110 1605 1629 2125 2398 2876 3372 3654 3912 4417 4951 5636 5686 5929 6413 6626 7172 7408 7751 8458 8488 9007 9484
25 45 618 946 1387 1715 2130 2648 3092 3184 3889 4399 4936 5198 5913 6147 6705 6950 7442 7701 8188 8487 8991 9193 9550 9747
27 47 242 769 904 1365 1613 1860 2119 2371 2871 3172 3785 4137 4405 4634 4952 5428 5672 6250 6904 7212 7698 7963 8490 8992 9471 9966
25 49 301 1124 1617 2133 2692 3192 3665 4415 4665 4948 4954 5429 5922 6441 7178 7443 7967 8203 8492 8854 9144 9274 9474 9978
25 50 546 914 1347 1782 2138 2700 3164 3659 4138 4640 5109 5487 5680 6155 6406 6708 7094 7444 7924 8205 8701 9262 9593 9991
27 51 488 1111 1388 1862 2142 2630 2889 3425 3580 3897 4233 4420 4955 5640 5923 6525 6951 7216 7445 7765 8209 8491 8706 9202 9477 9737
26 52 88 476 916 1383 1635 1864 2134 2874 3160 3275 3899 4416 4938 5155 5430 5928 6439 6954 7456 7911 7968 8496 8993 9424 9736
25 53 508 917 1389 1641 2150 2642 2883 2891 3426 3664 4147 4637 4677 4956 5431 5931 6632 7018 7452 7970 8498 8935 9213 9739
25 54 620 1097 1108 1620 1892 2602 2884 3165 3435 3688 4423 4682 5163 5437 5731 6407 6637 7023 7482 8198 8214 8695 8994 9476
25 55 58 752 1115 1858 2297 2491 3103 3166 3668 4143 4145 4734 5164 5674 5914 6162 6696 6955 7646 7975 8208 8702 9194 9719
25 56 392 1384 1394 1865 2402 2725 3210 3669 3907 4402 4744 5166 5499 6038 6440 6956 7217 7668 7969 8216 8938 9201 9687 9992
23 57 304 780 1007 1396 1870 2152 2878 3376 3695 4148 4683 5277 5692 6154 6538 6837 7218 7782 8210 8749 9205 9690
23 59 684 1109 1398 1898 2621 2892 3383 3751 4149 4685 5016 5436 5937 6534 7181 7663 7957 7977 8502 8797 9458 9740
28 60 633 926 1587 1866 1871 2304 2625 3108 3228 3661 3908 4426 4691 5384 5695 5938 6442 6918 7419 7710 7982 8500 8719 9211 9710 9979 9997
24 61 73 781 1268 1651 1874 2139 2546 2893 3254 3886 4425 4696 5167 5441 5932 6449 6957 7457 7728 8211 8724 9276 9724
27 62 621 1112 1622 2096 2631 2896 3167 3173 3655 3703 4221 4686 4958 5168 5645 5940 6451 6905 7219 7707 8201 8637 8736 8996 9225 9741
24 63 626 1167 1640 1887 2459 2897 3635 3919 4429 4702 5343 5442 5771 5939 6643 6935 7435 7458 8202 8523 8942 9465 9994
26 64 478 918 1285 1867 1883 1903 2477 2890 3294 3434 3710 4141 4430 4689 5128 5476 6145 6527 7185 7518 8047 8684 9171 9470 9746
25 65 484 919 1391 1642 2283 2652 2958 3412 3890 4401 4838 5170 5474 6139 6165 6622 6958 7109 7712 8207 8232 8946 9275 9748
24 66 485 692 1114 1663 2382 2557 2898 3175 3672 4142 4645 4957 5172 5444 5933 6256 6709 7220 7571 7984 8347 8722 9472
26 67 490 921 1118 1673 2151 2635 2895 3179 3734 4329 4690 5173 5697 6416 6706 6710 6959 7459 8212 8505 8747 9000 9473 9481 9998
25 68 629 944 1403 2104 2401 2641 2678 3174 3647 3923 4434 4960 5447 5941 6180 6711 6961 6967 7228 7940 8217 8859 9279 9750
26 69 189 639 1089 1603 1889 2389 2694 3177 3675 3925 4376 4481 4749 5139 5450 5934 5942 6553 6974 7446 7708 7985 8704 9066 9482
24 70 696 927 1401 1893 2403 2899 2914 3642 4033 4431 4962 5469 5947 5970 6458 7186 7221 7507 7986 8509 8708 8710 9439
24 71 637 1119 1624 1935 2636 2903 3384 3519 3928 4647 4965 5288 5700 6123 6170 6924 6970 7460 7990 8506 8754 9220 9863
24 72 534 948 1590 1897 2307 2906 3180 3676 4150 4432 4966 5174 5916 6291 6926 7223 7475 7971 8218 8515 9019 9478 9751
26 74 492 949 1385 1848 2396 2651 2907 3322 3909 4153 4436 4959 4967 5514 5930 6311 6927 7187 7464 7768 7988 8224 8508 9061 9726
27 75 638 1171 1643 1907 2400 2661 2938 3387 3867 4154 4433 4694 5169 5453 5689 6019 6661 7014 7465 7670 8010 8512 8995 9207 9224 9742
25 76 493 690 1338 1631 1899 2408 2969 3403 3539 3929 4650 4973 5178 5703 6172 6564 6972 7467 8213 8219 8514 8998 9229 9753
24 77 552 907 1122 1628 1882 2179 2649 2909 3183 3677 4155 4695 5179 5838 6157 6444 6934 7428 7468 7991 8519 9083 9486
24 78 556 993 1333 1788 2340 2656 3212 3678 4156 4697 5295 5515 5955 6181 6683 6968 7005 7513 7974 8226 8964 9479 9757
25 79 640 928 1395 1644 1908 2153 2650 3124 3409 3437 3910 4158 4704 4975 5455 6043 6453 6985 7258 7714 8473 8756 9233 9760
25 80 596 931 1402 1650 2141 2411 3117 3413 3763 4160 4709 5101 5456 5888 6083 6454 6713 6991 7672 7994 8223 8726 9485 9555
25 81 494 787 1126 1664 1873 2132 2347 2763 3185 3911 4419 4707 5183 5691 6159 6418 6460 6715 7450 7926 8225 8525 8999 9491
25 82 702 1351 1666 2146 2654 2910 3287 3915 4105 4437 4539 4969 5176 5649 5718 6419 6860 7225 7735 8227 8685 9179 9487 9600
28 83 499 821 1117 1405 1904 2144 2485 2918 3436 3743 3927 4439 4525 4758 4961 5387 5464 5918 6417 6872 7454 7731 8467 8951 9190 9488 9882
27 85 496 934 1129 1674 1909 2515 2912 2913 3424 3563 3968 4443 4729 5420 5704 6160 6182 6462 6962 7234 7470 7996 8549 9004 9497 9884
25 86 705 1198 1630 1676 2114 2638 3013 3438 3933 4442 4710 5181 5696 6126 6463 6971 7235 7932 8237 8711 8966 9284 9733 9761
25 87 647 1121 1368 1638 1910 2187 2571 2640 2919 3187 3679 4161 4708 5184 5670 5944 6573 7106 7477 7774 8231 8718 9378 9762
25 89 802 1008 1406 1408 2128 2404 2658 3231 3680 3936 4166 4698 5175 5516 5709 6153 6681 6973 7478 8000 8586 8727 9432 9976
25 90 504 1091 1429 1886 2147 2406 2659 3188 3441 3974 4444 4875 5044 5687 5964 6606 7188 7237 7651 7999 8494 8720 9214 9763
26 91 500 936 1222 1415 1880 2314 2653 2922 3443 3920 4169 4711 5182 5392 5733 6164 6420 6684 6975 7466 7713 8248 8730 9388 9756
26 92 472 1010 1138 1324 1611 1918 2410 2930 3273 3847 4162 4712 5185 5698 5844 6168 6422 6687 7167 7472 8033 8497 8949 9489 9890
25 93 517 937 1412 1810 2148 2520 2669 3392 3681 4183 4717 4994 5573 6169 6580 6849 6978 7521 8001 8550 9003 9008 9492 9764
24 94 576 956 1133 1653 2399 2521 3125 3577 3937 4446 4996 5663 5837 6176 6465 7193 7451 7484 8005 8529 8748 9219 9498
27 95 281 689 1113 1232 1588 1678 2157 2673 2973 3190 3476 3938 4164 4275 4765 5186 5706 6183 6717 7239 7494 7780 8239 8692 9009 9493
26 96 649 939 1612 1905 2352 2526 2925 3442 3444 3521 3939 4447 4970 5188 5690 5945 6424 6467 7031 7496 8215 8557 8733 9222 9494
23 97 502 656 942 1144 1680 2353 2902 3399 3682 4167 4451 5142 5539 5878 6185 6718 6981 7514 8003 8517 9021 9499
27 98 372 503 943 1409 1912 2159 2657 2760 3191 3445 3662 4129 4658 4893 5193 5483 5949 6468 6982 7479 7709 7784 8409 8828 9235 9765
23 99 623 1137 1855 2412 2670 3132 3660 3951 4170 4448 4738 5196 5713 5953 6615 6948 7240 7717 8240 8745 9221 9500
29 100 487 945 1025 1413 1914 2413 2686 2944 3194 3446 3942 4450 4713 4971 5263 5662 5936 6197 6690 7201 7502 7976 8293 8715 8979 9020 9223 9766
25 101 658 902 990 1355 1615 2137 2414 2916 3127 3454 3777 4171 4452 4976 5458 5984 6469 6964 7462 7719 8250 8735 9226 9576
27 102 506 666 947 1272 1416 1915 2415 2674 3200 3457 3533 4163 4455 4660 4977 5518 5958 6425 6638 6965 6979 7510 8007 8251 8986 9227
25 103 532 1092 1425 2143 2162 2662 3158 3666 3918 3953 4456 4723 5399 5950 6268 6695 6720 7236 7483 7733 8489 8531 9010 9502
25 104 594 1012 1407 1419 1938 2547 2695 2926 3477 3792 4449 4701 5005 5462 5714 6436 6721 7337 7545 8008 8712 9104 9244 9768
25 105 507 708 1061 1424 1901 2171 2603 2664 3352 3683 4173 4669 4979 5465 5715 6178 6470 6993 7575 7978 8260 8987 9236 9767
25 106 350 912 1141 1749 2168 2668 3203 3458 4165 4458 4980 5194 5717 5719 5963 6443 6722 7204 7684 8009 8499 8997 9237 9770
25 107 676 1123 1443 1878 2407 2675 2932 3459 3684 3987 4671 5154 5471 6004 6190 6725 7243 7490 7930 8241 8737 9016 9505 9773
27 108 691 1058 1421 1646 2210 2917 2928 3054 3421 3686 4038 4457 4740 5197 5720 6325 6730 7208 7481 7944 8243 8564 8728 8750 9232 9506
26 109 113 510 933 1107 1623 1952 2555 2940 3636 3921 4168 4461 4978 5202 5893 6206 6471 6977 7343 7973 8263 8713 8757 9238 9601
24 110 411 1132 1618 1916 2416 2934 3204 3754 4172 4688 5008 5425 5669 6175 6491 6867 7270 7629 8002 8462 8570 9014 9551
26 111 680 1116 1430 1692 1900 2160 2418 2872 3205 3657 3947 4174 4678 5187 5410 5951 6187 6511 6980 7491 8011 8504 8738 9181 9507
24 112 526 1098 1410 1921 2419 2923 3207 3930 4177 4718 5199 5677 6044 6188 6472 6983 7487 7979 8296 8739 8781 9272 9727
26 114 340 1106 1414 1427 1971 2420 2935 3312 3775 4178 4563 5190 5567 5952 6191 6735 6986 7495 8016 8520 8571 9015 9495 9511 9775
25 115 511 693 1134 1703 2174 2666 3138 3213 3687 4090 4179 4716 5423 5954 6058 6225 6734 7238 7676 8220 8527 9023 9508 9772
24 116 613 1036 1431 1913 2158 2564 3148 3216 3690 4184 4459 4795 5402 5472 5912 6273 6976 7474 7715 8019 8714 9110 9510
28 117 118 542 950 1135 1440 1922 2423 2942 3150 3466 3922 4453 4721 5200 5710 5956 6192 6446 6736 7224 7361 7718 8049 8532 8963 9241 9782
24 119 330 650 1139 1825 2424 2428 2946 3460 3957 4462 4985 5470 5735 6447 6738 7246 7488 7738 8229 8534 9001 9245 9774
26 120 513 663 1131 1567 1920 2429 2431 2933 3217 3699 4185 4724 4987 5699 5759 6205 6741 6987 7247 7720 8221 8536 8740 9512 9758
25 121 402 930 1136 1515 1637 1652 2426 2457 3153 3576 4186 4725 5271 5721 5965 6475 6719 6994 7506 8022 8716 9206 9769 9926
26 122 544 952 1145 1647 1917 2386 2667 2936 3427 3926 4198 4727 5201 5486 5957 6156 6476 6742 6996 7492 7681 8228 8526 8845 9259
27 123 668 1146 1442 1942 2357 2439 2924 3186 3470 3958 4187 4674 4988 5473 5729 6195 6746 6999 7493 7723 8222 8721 9012 9242 9513 9840
24 124 393 1147 1657 2161 2676 3209 3692 3704 4188 4485 4834 5204 5723 6212 6990 7259 7737 8013 8338 8575 8760 9212 9521
29 125 657 953 1154 1543 1660 1923 2660 2947 3461 3693 3705 4195 4666 4854 5191 5479 5967 6198 6347 6747 6995 7370 7657 7740 8233 8741 9024 9605
26 126 548 1100 1151 1665 2163 2941 2951 3469 3934 4428 4463 4992 5488 5968 6478 6793 7248 7499 7504 7997 8493 8742 9022 9287 9999
24 127 512 954 1399 1668 2155 2604 3189 3670 4010 4471 5195 5489 5969 6492 7241 7682 8012 8511 8752 9246 9514 9516 9776
25 128 152 675 1191 1875 2169 2689 3328 3694 3973 4465 4981 5206 5730 6200 6448 6997 7511 8014 8252 8755 9109 9289 9557 9850
26 129 601 925 1336 1881 2409 2665 2953 3429 3709 4199 4728 5205 5491 5676 6115 6201 6484 6778 7249 7515 7741 8236 8528 8913 9517
24 130 515 957 1004 1411 1671 2172 2687 3218 3780 4460 4730 5207 5716 5732 5972 6496 7001 7679 8017 8256 8763 9239 9642
24 131 685 1404 1888 1929 2464 2697 3430 3541 3712 4438 4735 5424 5494 5971 6184 6481 7034 7268 7949 8246 8723 9195 9519
22 132 404 1148 1669 2181 2440 2677 3224 3940 4191 4692 4995 5496 5973 6506 7002 7596 8050 8535 9137 9261 9777
23 133 522 719 1289 1675 2177 2679 3240 3786 3964 4467 4741 5438 5783 6062 6450 6590 6998 7522 8230 8729 9025 9703
24 134 578 959 1195 1890 2185 2894 3221 3715 4201 4719 5192 5208 5498 5975 6479 7010 7498 7745 8023 8272 8743 9026 9520
24 135 274 716 1150 1677 2427 2787 2980 3468 3720 4204 4309 4731 5209 5734 6207 6748 7284 7747 8245 8537 9031 9265 9580
25 136 735 1152 1444 1930 2195 2683 3339 3717 3959 4205 4510 5180 5501 6144 6517 7222 7523 8020 8234 8576 9035 9248 9527 9787
25 137 516 962 1423 1931 2479 2954 3219 3718 4209 4703 4857 5210 5502 5976 6292 6750 7260 7729 8024 8247 8587 8753 9203 9778
25 138 518 963 1417 1672 2156 2434 2682 3214 3547 3961 4441 4720 4982 5220 5737 6209 6751 7226 7414 7748 8249 8765 9273 9648
24 139 679 1160 1445 1951 2681 2699 3222 3697 3719 4454 4733 4998 5504 6179 6490 6878 7280 7764 8235 8691 9018 9249 9587
24 140 683 1140 1625 1681 2175 2447 2955 3370 3607 3700 3992 4466 4993 5223 5740 6215 6753 7281 7954 8495 8769 9266 9785
28 141 524 826 1162 1626 2167 2433 2705 3225 3701 3969 4502 4739 5213 5311 5960 6455 6526 6780 7003 7512 7531 8025 8354 8771 9254 9524 9779
22 142 858 1253 1683 2183 2684 3196 3226 3722 4190 4476 5133 5508 5977 6691 7007 7524 8028 8478 8776 9250 9783
28 143 682 1163 1447 1684 1932 2435 2943 3236 3447 3793 4192 4573 5001 5445 5466 5701 5978 6494 7021 7525 7790 8254 8530 8744 9208 9526 9788
23 144 746 1418 1939 2481 2956 3455 3875 4027 4478 4999 5463 5961 6464 6763 7250 7704 7793 8253 8746 9028 9260 9784
25 145 686 1164 1452 2173 2441 2959 3431 3941 4464 4743 5222 5452 5738 6208 6474 6634 6800 7252 7797 8257 8538 9084 9231 9529
24 146 523 709 1142 1270 1690 2184 2444 2945 3229 3835 4262 4746 5214 5407 5962 6210 6755 7253 7527 8066 8584 9036 9528
28 147 187 529 847 1165 1634 1894 2199 2688 3215 3463 3849 3975 4705 4869 5189 5229 5742 6219 6756 7004 7267 7725 8089 8758 8770 9522 9814
25 148 694 1166 1422 1698 2359 2690 2957 3198 3608 3943 4213 4684 5007 5509 5981 6349 7000 7043 7528 7840 8238 8759 9209 9525
23 149 584 970 1432 1743 2190 2691 3230 3711 4193 4673 4802 5225 5750 6236 6757 7039 7688 8242 8310 8541 9163 9530
27 150 322 873 1169 1433 1699 2437 2693 3142 3472 3972 4202 4469 5009 5313 5744 5983 6216 6497 7009 7292 7757 8255 8615 9005 9523 9532
25 151 537 972 1434 1906 2196 2948 3227 3467 3981 4206 4579 5011 5572 5752 6217 6758 7254 7727 8029 8258 8545 9034 9531 9876
24 153 305 977 1211 1654 1957 2446 2960 3439 3723 4217 4732 5203 5536 6196 6485 6501 7011 7689 8032 8539 8880 9441 9786
24 154 688 1002 1288 1902 2178 2443 2707 3238 3872 4468 4748 5226 5751 5985 6504 7015 7530 8038 8266 8764 9037 9267 9535
25 155 699 718 1034 1438 1616 1958 2696 2961 3465 3725 4219 4580 5212 5346 5753 6487 6814 7242 7597 8244 8540 8798 9251 9536
25 156 535 1153 1655 1755 2003 2460 2962 3482 3891 3983 4505 5012 5230 5799 6163 6493 6533 7256 7532 7758 8279 9006 9270 9755
24 157 160 701 1175 1439 1961 2663 2964 3478 4046 4473 4750 5454 5915 6211 6507 7244 7541 8039 8533 8767 9230 9538 9789
22 158 703 1156 1656 1940 2448 3199 3379 3726 4220 4753 5396 5755 6218 6514 7257 7721 8078 8766 8934 9533 9790
24 159 388 883 1176 1450 1941 2361 2966 3233 3615 3914 4472 4736 5231 5758 6239 6508 7017 7540 8091 8772 9027 9252 9540
25 161 536 929 1180 1695 2191 2461 2970 3479 3977 4224 4722 5006 5228 5510 5705 5988 6703 7019 7263 7533 8052 8543 9218 9545
24 162 704 975 1184 1682 2154 2449 2976 3542 3787 4470 4747 5171 5513 5991 6495 6772 7262 7535 7803 8295 8822 9277 9835
24 163 539 978 1659 2188 2680 2971 3433 3713 4088 4242 4926 5432 5974 6473 6592 7022 7537 8259 8521 8617 9030 9217 9732
25 164 169 707 1366 1850 2193 2706 2992 3243 3732 4014 4475 4490 5215 5585 5993 6505 6880 7266 7599 8043 8547 9038 9278 9791
25 165 711 980 1667 1919 2331 2708 3248 3724 4274 4742 4752 5232 5760 6368 7020 7025 7603 8261 8548 8774 8846 9283 9534 9793
25 166 171 714 1189 1441 1687 2192 2462 2972 3250 3253 3948 4225 4479 5014 5348 5979 6498 6723 7124 7544 8044 8761 9039 9467
26 167 712 1190 1924 2194 2698 3252 3871 4477 4756 5013 5497 5511 5761 6031 6488 6765 7024 7340 7759 8054 8768 9029 9280 9313 9888
28 168 332 715 976 1679 1944 2205 2703 3237 3708 3949 4196 4474 4940 5216 5517 5762 6220 6403 6727 7026 7543 8034 8265 8779 9269 9559 9800
22 170 754 1192 1454 2028 2466 2981 3257 3480 4004 4480 5015 5512 5894 6500 6781 7291 7763 8264 8551 9032 9290
27 172 454 721 1199 1686 1943 2200 2709 3440 3696 4054 4706 4759 5397 5763 6221 6786 7027 7463 7536 7928 8037 8268 8762 9234 9541 9810
27 173 697 792 1420 1700 1945 2451 2975 2993 3673 3984 4483 5218 5234 5520 5987 6502 6513 7028 7030 7548 7766 8522 8792 9040 9544 9796
28 174 717 1177 1435 1702 2197 2535 2983 3557 3795 3996 4489 4997 5236 5764 6189 6222 6515 7033 7546 7730 8030 8271 8339 8775 9041 9546 9803
28 175 541 571 1045 1446 1896 2198 2452 2710 3202 3491 4200 4227 4621 5021 5418 5769 5986 6237 6581 7035 7549 8021 8104 8278 8961 9281 9942
24 176 713 727 1193 1621 1966 2561 2985 3483 3985 4499 5002 5241 5589 5994 6319 6767 6776 7269 7772 8352 8883 9285 9795
23 177 543 958 1204 1926 2201 2712 3232 3484 3950 4482 4681 5023 5490 5772 6242 7032 7299 7775 8282 8782 9145 9668
25 178 547 965 1174 1685 1934 2203 2713 3239 3264 3946 4210 4687 4761 5020 5545 6193 6724 6769 7044 7696 8267 8777 9240 9547
24 179 722 1255 1689 1928 2374 2714 2888 3448 3736 4226 4762 5233 5603 5990 5995 6503 6726 7036 7680 8056 8552 9047 9548
26 180 729 1374 1925 2207 2517 2989 3449 3729 4208 4228 4495 4630 4763 5279 5707 6065 6597 7038 7517 7813 8542 8780 9042 9292 9797
24 181 935 1086 1691 2127 2500 2988 3486 3986 4229 4769 5292 5743 5925 6232 6775 7062 7550 8048 8553 8793 9291 9295 9801
23 182 723 1194 1448 1701 2211 2968 3452 3741 4486 4767 5024 5702 5997 6509 6787 7273 7777 8057 8593 9043 9475 9759
24 183 720 951 1125 1449 1948 2489 2990 3456 3954 4484 4892 5235 5239 5773 6246 7037 7272 7732 8026 8283 8778 9243 9780
27 184 724 981 1455 1709 2206 2453 2723 3265 3917 4230 4777 5237 5421 5765 6226 6728 7041 7285 7779 8058 8284 8783 8800 9268 9549 9805
27 185 725 1182 1451 1950 2395 2715 2991 3487 3956 4234 4770 4839 5221 5521 5998 6305 6604 7040 7042 7734 8059 8287 8784 9044 9480 9811
24 186 728 987 1436 1705 2213 2716 3223 3730 4085 4496 4774 5242 5781 6247 6611 7050 7552 8062 8291 8785 9046 9048 9590
26 188 733 1196 1696 1978 2208 2722 3235 3494 3989 4211 4494 4506 5065 5724 6000 6227 6651 7047 7551 7980 8554 8786 8805 9298 9794
24 190 195 740 1200 1456 1954 2456 2998 3674 3994 4726 5240 5459 5996 6005 6616 7255 7347 7739 8269 8787 8789 9539 9812
24 191 732 1157 1661 2051 2458 2996 3462 3633 4212 4507 4772 5211 5522 6001 6258 7045 7279 7781 8105 8555 8790 9300 9754
27 192 731 1130 1457 1955 2202 2704 3201 3489 3990 4048 4487 4778 5256 5725 6003 6241 6777 7275 7553 7746 7965 8063 8427 8794 9301 9816
23 193 562 1068 1463 1953 2215 2718 3220 3464 3963 4231 4779 5362 6006 6262 6745 7048 7286 7606 8270 8577 9051 9552
27 194 572 961 984 1206 1465 1707 2212 2467 2931 3251 3698 4215 4652 4881 5243 5726 6199 6244 6521 7264 7611 8273 8556 8773 9306 9554
24 196 570 1043 1648 1972 2717 2978 3266 3735 3995 4512 5025 5244 5766 6007 6532 7049 7705 8277 8311 9033 9297 9542 9817
24 197 745 1207 1712 2217 2471 2999 3255 3924 4218 4605 4945 5395 6008 6248 6680 7051 7554 7783 8362 8795 9050 9556 9804
26 198 446 1210 1710 2149 2492 3168 3259 3970 4223 4254 4784 5219 5500 5712 5920 6046 6631 7271 7555 7785 8065 8563 9054 9543 9637
26 199 442 631 1197 1466 1714 2214 2719 3002 3637 4232 4514 5027 5042 5523 5793 6254 6779 7052 7628 7882 8274 8358 8804 9120 9798
24 200 209 734 737 1400 1716 2189 2496 3003 3500 4098 4236 4515 4963 5276 5780 6257 6790 7289 7852 8294 8799 9071 9311
24 201 736 988 1467 1962 2685 3004 3495 3991 4099 4488 4861 5461 6009 6245 6516 7055 7534 7789 8308 8916 9303 9562 9818
25 202 573 1075 1469 1956 2438 2465 2724 3475 3644 4216 4651 5028 5524 6010 6389 6782 7293 7538 7791 8280 8595 9013 9553 9819
26 204 749 1297 1704 2204 2498 2984 3249 3296 3738 4238 4755 5245 5246 5782 6090 6702 7276 7556 7935 8297 8796 9045 9170 9564 9859
25 205 739 806 1212 1937 2218 2501 2997 3244 3648 3999 4248 4745 5032 5525 5926 6518 7056 7557 7753 8276 8801 9052 9204 9588
24 206 255 755 1248 1697 1868 2454 2802 3234 3506 4001 4498 4780 5250 5727 5787 6260 7053 7519 7992 8484 8568 9053 9558
24 207 323 1215 1470 1724 1959 2219 2720 2726 3260 3739 4013 4680 5097 5528 6013 6259 6784 7057 7686 7938 8558 8893 9560
24 208 491 991 1460 1711 2165 2721 3005 3247 3502 3737 4491 4768 5047 5728 6017 6531 7058 7711 7794 8080 8802 9253 9771
23 210 473 969 1217 1491 1731 2445 2994 3262 3742 4241 4899 5251 5790 6267 6788 7298 7795 8315 8803 9055 9561 9821
24 211 551 986 1219 1718 2422 2502 3208 3268 3744 4249 4715 5029 5741 6028 6535 7063 7558 7799 7995 8318 8806 9078 9304
27 212 477 581 992 1230 1946 2220 2504 3000 3407 3960 4259 4771 5238 5503 5748 5989 6358 6820 7287 7520 7804 8281 8581 9180 9563 9565
25 213 687 1168 1471 1727 2221 2727 3269 3733 4235 4508 5040 5467 6011 6512 6737 7060 7560 7807 7956 8299 8634 9105 9315 9823
26 214 603 1170 1220 1479 2209 2455 2728 3007 3490 3716 4119 4493 4773 5033 5404 6014 6264 6789 7296 7755 8070 8646 9056 9328 9813
24 215 563 771 1224 1717 2186 2503 3012 3727 4237 4520 4908 5475 5795 6265 6519 6791 7288 7752 8099 8567 8841 9307 9824
23 216 605 1127 1649 1965 2463 3014 3658 4058 4239 4737 5082 5493 6012 6096 6740 6794 7061 7563 8083 8807 9057 9569
27 217 741 753 1000 1500 1738 2216 2417 2729 3018 3505 3966 4008 4176 4521 5036 5252 5794 6204 6536 6795 7426 7939 8301 8970 9302 9572
23 218 808 1218 1458 1721 1975 2472 3006 3507 3746 4222 4523 5038 5526 5798 6276 6796 7294 7801 8306 8808 9310 9825
23 219 220 756 1380 1891 2222 2730 3256 3612 4243 4785 5287 5594 6018 6744 7064 7261 7726 8069 8607 9305 9312 9712
23 221 757 1426 1947 2224 2734 3270 3508 4002 4261 4810 5253 5943 6266 6798 7297 7399 7808 8285 8371 9049 9483 9827
24 222 226 758 1437 1911 2225 2740 3263 3499 3747 4246 4492 4837 5294 6015 6522 6801 7301 7565 8286 8588 8812 9314 9573
25 223 742 1081 1464 1722 2450 2965 3271 3748 4018 4757 5247 5299 5530 6016 6537 6804 7065 7526 7972 8384 9058 9570 9820 9828
26 224 964 1226 1960 2227 2747 3310 4000 4266 4764 5010 5495 5757 5948 6020 6524 7066 7277 7561 7566 7998 8304 8809 9060 9574 9829
25 225 545 973 1453 1720 1967 2469 2900 3119 3493 3749 4247 4524 5046 5596 6213 6529 6540 7067 7568 8071 8569 8814 9317 9831
26 227 672 744 1085 1527 1747 2228 2480 2757 3267 3740 3997 4251 4656 4912 5254 6021 6117 6546 7071 7569 7814 8441 9059 9341 9735
24 228 759 1301 1963 2223 2701 3019 3514 4244 4516 5049 5255 5745 6228 6271 6806 7302 7639 8110 8415 8813 9319 9575 9834
25 229 761 1005 1173 1694 2226 2525 2986 3009 3496 3753 4076 4519 5051 5546 6023 6279 6658 6797 7303 7815 8313 8817 9320 9568
25 230 585 748 1179 1472 1968 2238 2901 3272 3755 4280 4787 5059 5746 5800 6280 6609 7068 7306 7802 8288 8578 8815 9080 9577
25 231 809 1231 1725 1986 2239 2736 3241 3516 4016 4253 4788 4794 5052 5533 6024 6275 6799 7274 7570 7821 8356 8820 9321 9578
26 232 614 994 1560 1728 2230 2473 2737 3015 3156 3581 4026 4522 5053 5537 6025 6282 6802 7305 7572 7810 7983 8559 8579 9064 9326
24 233 586 989 1181 1473 1969 2513 3010 3278 3756 4049 4775 5055 5538 6229 6621 7076 7576 7830 8290 8360 8821 9323 9699
24 234 762 1459 1735 1741 2231 2524 3016 3503 3916 4257 4789 5261 5767 6026 6288 7069 7577 8072 8435 8580 9122 9393 9582
26 235 609 1046 1461 1737 2232 2731 3008 3021 3752 4017 4258 4781 4813 5478 6022 6520 7059 7542 7806 8114 8610 9062 9325 9327 9826
24 236 760 1227 1250 1504 1974 2242 2743 3279 3978 4497 4790 5262 5754 6039 6323 7070 7072 7378 7831 8476 8824 9343 9836
24 237 763 1235 1730 2229 2474 3024 3258 3515 4020 4264 4754 5056 5547 6230 6656 6803 7282 7578 7989 8501 9068 9324 9589
28 238 333 1017 1315 1477 1976 2442 2553 3027 3513 3764 4250 4501 4950 5265 6029 6142 6547 6805 7073 7587 8073 8302 8326 8826 9072 9579 9838
25 239 619 1027 1480 1781 2233 2470 2732 3017 3242 3520 4144 4526 5035 5505 5946 6335 6825 7295 7652 8085 8319 9069 9584 9839
23 240 971 1468 1739 2234 2711 2756 3277 3522 4252 4540 5249 5543 6231 6541 6666 7074 7581 8195 8816 8990 9329 9841
26 241 555 997 1474 1740 2235 2475 2836 3497 3905 4260 4284 4435 5017 5257 5551 6194 6679 7075 7585 7754 8075 8327 9011 9158 9585
24 243 765 1185 1708 2236 2514 3028 3663 3967 4267 4791 5273 6030 6290 6752 6807 7077 7308 7816 8088 8573 8818 9308 9738
25 244 408 983 1326 1484 2004 2483 3022 3280 3765 4059 4240 4561 5057 5548 6033 6303 6808 7214 7756 8303 8596 9255 9330 9833
25 245 257 846 1049 1066 1481 2009 2237 2516 3245 3284 3962 4268 4919 5280 5803 6233 6682 7078 7310 7950 8582 9079 9586 9815
25 246 766 1358 1745 2036 2241 2738 2758 3286 4003 4263 4527 5058 5552 6034 6255 6539 6809 7079 7716 8077 8583 8861 9591 9855
25 247 974 1256 1519 1977 2240 2518 2751 3246 3707 4021 4273 4836 5115 5553 6035 6548 7080 7309 7586 8139 8823 9067 9592 9842
26 248 361 474 996 1361 1751 2476 2784 3032 3745 4256 4503 4792 5063 5681 6040 6412 6549 7082 7311 7818 8332 9073 9331 9744 9943
25 249 607 862 1233 1475 1742 2243 2765 3285 3530 3931 4517 4797 5282 5557 5806 6409 6556 7083 7588 8004 8314 8827 9081 9594
24 250 632 1183 1485 1980 2305 2538 2744 3288 3971 4509 4972 5506 5810 6270 6551 7084 7592 7823 8305 8619 9174 9604 9946
24 251 770 1476 1736 2091 2528 3176 3295 3759 4019 4277 4953 5259 5558 6041 6284 6811 7304 7761 8051 8320 8830 9333 9596
26 252 559 850 1240 1482 1981 2484 2837 3289 3811 4265 4531 5260 5541 5768 6042 6542 6812 7314 7594 7824 8562 8832 9074 9334 9897
25 253 767 998 1501 1982 2336 2762 3276 3303 3766 4286 4983 5527 5802 6274 6552 7085 7278 7567 7767 8262 8331 9075 9335 9608
26 254 567 772 1001 1523 1979 2244 2741 3011 3290 3543 4271 4670 5077 5756 6036 6287 6813 7312 7579 7788 8117 8585 8872 9338 9846
26 256 653 1155 1506 1989 2495 2748 2904 3035 3750 4028 4276 4751 5258 5559 6045 6554 7086 7231 7595 7822 8129 8589 9092 9595 9645
23 258 774 1234 1748 2001 2533 3034 3518 4030 4528 5026 5283 5807 6293 6557 7087 7598 8006 8389 8876 9286 9346 9849
28 259 783 1265 1750 2245 2487 2927 3281 3292 3757 4031 4279 4782 4989 5267 5550 5809 6167 6558 6764 6882 7315 7600 8090 8626 9182 9490 9851
24 260 773 1237 1734 1933 2248 2733 3036 3298 3980 4281 5022 5411 5770 6048 6294 6851 7090 7590 8015 8334 8833 9094 9504
24 261 775 1003 1487 1785 2253 2768 3297 3768 4272 4529 5064 5296 5959 6289 6716 7091 7316 7762 8061 8436 8834 9342 9852
22 262 778 1254 1983 2494 2921 3299 3587 4036 4518 4811 5535 5599 6240 6559 7097 7374 8018 8335 8810 9096 9598
25 263 867 1201 1486 1798 2281 2753 3031 3306 3770 4043 4532 4796 5305 5778 6049 6561 7092 7317 7825 8446 8835 9077 9340 9853
24 264 779 1090 1241 1752 2042 2497 2755 3314 3761 4034 4282 4548 5067 5722 6051 6628 7093 7771 8275 8836 9344 9799 9822
25 265 785 1243 1754 2254 2745 3030 3037 3527 3771 4278 4534 5062 5290 5811 6340 6693 7313 7604 7946 8518 8590 8838 9366 9856
25 266 483 786 1186 1488 1991 2508 3078 3528 4245 4511 4541 4815 5066 5560 6053 6296 6545 6889 7529 7827 8337 8877 9597 9864
27 267 497 788 1247 1949 2247 2256 2551 2915 3040 3544 3772 4283 4760 5264 5774 6214 6697 7096 7319 7601 8157 8363 9085 9345 9602 9857
24 268 270 832 1102 1462 1806 2259 2775 3320 3774 4287 4793 5433 5775 6171 6560 7098 7331 7834 8359 8840 8843 9348 9603
23 269 789 1006 1490 2005 2540 3282 3529 4039 4538 5094 5561 6047 6298 6771 7088 7099 7605 8027 8341 8842 9349 9609
26 271 290 777 1009 1713 2250 2478 2759 3305 3760 4037 4544 4799 5435 6052 6562 6815 6824 7318 7325 7800 8148 8591 8856 9097 9832
24 272 610 782 1013 1149 1706 2098 2746 3283 3548 4040 4766 5266 5609 6064 6565 6854 7320 7607 8031 8355 8844 9351 9676
25 273 275 776 1015 1732 2122 2509 3041 3767 4042 4693 4801 5270 5777 5826 6304 6566 6832 7321 7608 8081 8594 9093 9610 9858
24 276 661 803 1257 1516 1993 2012 2510 3039 3349 4007 4285 4533 4803 5434 6054 6307 6569 7107 7609 8036 8454 9086 9354
26 277 315 630 1187 1517 2046 2550 3105 3323 3776 4151 4565 5069 5281 5812 6345 6816 7101 7610 7838 8345 8839 9216 9350 9830 9947
25 278 700 790 1259 1525 1995 2257 2749 3042 3769 4053 4549 5030 5540 5613 6223 6567 6819 7327 7820 8289 8599 9090 9123 9843
25 279 706 1188 1492 1662 2255 2554 3291 3509 3778 4044 4536 4551 5070 5480 5813 6299 6821 7112 7792 7835 8361 8847 9356 9860
23 280 611 869 1478 1985 2260 2530 3094 3621 4009 4288 4804 5274 5563 6243 6570 6826 7322 7805 8082 8600 9095 9611
23 282 659 1014 1178 1756 2176 2527 2761 3304 3781 4427 4831 5289 5651 6057 6571 6896 7324 7809 8152 8819 9098 9614
25 283 664 1208 1489 1609 1758 2310 2929 3385 3791 4537 4554 5272 5779 6056 6301 6587 6913 7103 7342 7773 8307 8601 9088 9599
24 284 481 791 1260 1493 1964 2262 2767 3325 3550 4047 4566 5034 5071 5784 6234 6572 7100 7350 8046 8566 8613 9294 9844
24 285 625 1051 1494 1759 2263 2750 3293 3531 3796 4289 4783 5130 5785 6059 6550 6761 7329 7330 7837 8098 8848 8865 9606
24 286 574 1022 1733 1996 2341 2770 3326 3773 3798 4290 4553 5089 5293 6060 6574 6932 7333 7817 8087 8604 9103 9607 9861
25 287 794 1263 1528 1761 2047 2542 3043 3553 4051 4546 4569 5068 5481 5817 6308 6829 7104 7334 7627 8092 8602 9102 9616 9953
25 288 795 1209 1310 1762 1998 2549 3044 3410 3534 3982 4292 5037 5335 5542 5980 6312 6830 7122 7613 8093 8336 8636 9339 9845
22 289 796 1367 1990 2287 2963 3045 3523 4022 4543 4805 5275 5673 6174 6575 6833 7335 7841 8343 8658 9184 9854
23 291 389 1261 1809 2488 3025 3046 3554 3788 4293 4560 5072 5468 5820 6309 6834 7355 7796 8095 8605 9106 9360 9971
23 292 558 1018 1530 1763 2265 2773 3404 3790 4057 4786 5039 5297 5819 6328 6835 7341 7743 8096 8606 9263 9612 9866
24 293 793 1019 1594 2266 2752 3066 3331 3794 4294 4808 5300 5309 5808 5823 6317 6840 7547 7842 8309 8390 8849 9352 9867
24 295 880 1264 1514 2182 2605 2779 3333 3525 4005 4545 5050 5284 5565 6061 6367 6766 7283 7819 8106 8648 9353 9617 9865
25 296 797 1379 1927 2320 2754 3029 3068 3309 3799 4159 4552 4814 5302 5569 6063 6576 7125 7614 7849 8076 8450 8850 9361 9868
22 297 299 966 1483 1970 2050 2556 2995 3335 4011 4295 4816 5298 5580 6073 6768 7290 7826 8312 8608 9107 9618
26 298 881 1205 1561 1999 2346 2781 3067 3313 3998 4300 4798 5054 5286 5693 5818 5834 6432 6841 7346 7616 8097 8367 8612 9355 9621
23 300 560 816 1239 1497 2007 2628 3300 3538 4052 4557 5278 5571 6224 6579 6883 7351 7706 8111 8614 8852 9357 9622
27 302 798 1266 1765 2267 2560 3047 3316 3691 4023 4379 4550 4818 5439 6066 6277 6313 6582 6871 7152 7508 7843 8113 8851 9108 9623 9869
25 306 738 1044 1529 2010 2330 2772 2920 3170 3327 3894 4296 4819 5123 5562 5821 6322 6989 7339 7615 8053 8544 8853 9359 9959
25 307 800 1244 1744 2249 2702 3049 3057 3351 3784 4060 4513 4823 5529 5822 6320 6839 7123 7828 8292 8348 8598 8855 9358 9630
25 308 360 1321 1766 2270 2567 3051 3329 3535 4061 4568 5285 5405 5786 6067 6375 6831 6844 7352 7848 8316 8616 8881 9362 9745
27 309 569 1228 1267 1498 2008 2053 2543 2786 3504 4024 4291 4558 4800 5073 5312 6068 6077 6583 7108 7353 7677 7850 8369 8868 9124 9632
27 310 799 1021 1521 1984 2011 2272 2771 3052 3353 3800 4299 4564 4820 5451 5825 6324 6838 7111 7749 8109 8370 8618 9228 9619 9624 9870
25 312 440 1271 1636 2269 2569 3060 3552 4062 4078 4542 5060 5083 5564 5827 6306 6595 6783 7356 7854 8350 8869 9282 9363 9872
26 313 561 1011 1320 1767 2059 2349 2886 3510 3685 4029 4297 4559 4821 5291 5531 6069 6235 6585 7128 7618 8115 8620 8875 9364 9635
25 314 801 1275 1532 2002 2493 2843 3512 3779 3806 4302 4598 5092 5574 6070 6589 6845 7357 7619 8040 8138 8857 9111 9625 9871
20 316 815 1278 1769 2271 2806 3517 3932 4303 4946 5315 5831 6326 6773 7130 7621 8120 8858 9367 9873
25 317 828 1496 1770 2064 2616 3064 3783 4032 4304 4822 5303 5575 5895 6528 6850 7358 7778 8112 8351 8622 9112 9626 9627 9874
28 318 501 677 886 1249 1723 1987 2482 2766 3053 3355 3805 4305 4826 5075 5576 5847 5868 6249 6700 7307 7832 8149 8353 8624 8906 9369 9878
24 319 641 1221 1350 2000 2273 2777 3311 3389 3808 4301 4675 5079 5578 6080 6252 7081 7359 7855 8323 8386 8879 9620 9862
28 320 654 1048 1502 1777 2067 2566 2778 3315 3556 4035 4306 4806 4990 5304 5306 5688 6251 6594 7115 7640 7844 8328 8407 8860 9114 9372 9879
28 321 892 1023 1503 1746 2013 2539 2780 2937 3302 3789 4050 4255 4308 5004 5308 5788 6261 6563 6810 7118 7362 7857 8349 8829 9127 9415 9880
25 324 804 1279 1775 2274 2769 3056 3559 4181 4807 4964 5316 5833 6327 6596 6952 7119 7135 7395 8055 8123 8831 9087 9129 9837
22 325 465 1505 2006 2068 2544 3080 3803 4298 4776 5078 5549 5992 6332 6827 7137 7622 8102 8156 8862 9370 9639
26 326 366 899 1507 1997 2126 2499 2855 3357 3813 4310 4825 5307 5534 5830 6071 6598 7120 7392 7856 8116 8357 8863 9288 9629 9941
23 327 900 1508 1753 2014 2548 2939 3526 3913 4311 4840 5317 5582 6072 6586 7089 7437 8064 8372 8882 9186 9634 9881
25 328 375 505 1020 1533 2016 2534 2783 3058 3332 3810 4307 4313 4827 5310 5581 6075 6599 7127 7624 7869 8455 8891 9613 9875
26 329 849 1120 1760 2180 2505 2782 3026 3301 3731 4063 4314 4571 5080 5583 5839 6338 6602 7105 7559 8079 8333 8864 9117 9675 9877
24 331 805 1280 1780 2275 2568 2581 3340 3782 4064 4312 4570 5095 5708 6076 6333 6605 7113 7360 7858 8365 8837 9309 9885
23 334 807 1282 1764 2145 2356 2785 3088 3571 4316 4572 5081 5586 6085 6600 7095 7363 7859 8373 8650 9121 9373 9893
25 335 810 1277 1688 2017 2507 2552 3055 3061 3536 3816 4070 4567 4841 5544 6079 6348 7102 7233 7653 8118 8374 8910 9628 9684
22 336 811 1284 1994 2088 2572 3062 3347 4055 4317 4817 5318 5841 6372 6848 7197 7591 7955 8475 8867 9371 9894
22 337 486 1286 1771 2019 2742 2788 3065 3419 3815 4319 4974 5321 5843 6334 6852 7364 7626 8084 8546 8870 9374
23 338 726 814 1287 1789 2276 2911 3343 3834 4321 4845 5322 5845 6352 6603 7323 7406 7630 8119 8631 8923 9631 9688
24 339 812 1203 1510 2080 2432 2582 3069 3804 4189 4809 5085 5587 5982 6378 6843 6853 7539 8086 8122 8871 9125 9636 9886
27 341 817 1024 1202 1772 2021 2523 2633 3070 3362 3758 3812 4562 4829 5087 5327 5846 6364 7114 7133 7833 8342 8375 8925 9633 9702 9981
25 342 593 1060 1773 1791 2277 2790 3071 3560 4194 4322 4832 5121 5602 5851 6337 6822 6855 7365 7649 8344 8638 8969 9376 9889
24 343 940 1290 1988 2279 2791 2794 3532 3814 4320 4849 5324 5328 5848 6459 6857 7143 7631 7839 8127 8628 8926 9375 9638
24 344 813 1251 1356 2015 2083 2575 3072 3545 3976 4079 4581 5091 5590 6082 6339 6701 7251 7846 7863 8507 9099 9503 9641
26 345 818 1328 1774 2061 2261 2506 2792 3342 3817 3818 4065 4323 4830 5084 5519 5849 6238 6608 7131 7632 8298 8611 9101 9379 9650
28 346 407 1292 1535 2018 2559 2562 3077 3428 3821 4066 4081 4574 5090 5330 5829 6081 6341 6856 7134 7366 7660 8159 8629 8659 9119 9640 9708
25 347 820 1342 1783 2251 2776 3038 3317 3432 3822 4324 4833 5086 5088 5332 5591 6091 6613 7326 7634 8121 8630 8639 9131 9887
26 348 564 1028 1511 1792 2032 2793 3091 3562 4269 4824 5093 5566 5776 6263 6272 6610 6912 7136 7786 8128 8379 8644 9089 9380 9905
23 349 829 1293 1811 2280 2967 3147 3366 3797 4318 4575 4597 5096 5592 6148 6792 7328 7635 8126 8411 9091 9383 9909
24 351 822 1295 1813 2522 2797 3109 3574 4056 4084 4325 4850 5334 5852 6342 6925 7367 7851 8346 8413 8873 9165 9496 9892
28 352 612 1030 1223 1363 1538 2020 2073 2795 3193 3561 3823 4327 4576 5103 5597 5903 6401 6895 7429 7564 7860 8160 8632 9118 9381 9644 9933
26 353 577 1031 1509 1778 2034 2288 2798 3346 3935 4331 4585 4851 5336 5791 6278 6749 6930 7368 7642 7953 8574 8651 9133 9386 9899
22 354 557 1242 1776 1793 2284 2789 3096 3569 4326 4578 4859 5350 5853 6087 6712 7138 7641 8364 8874 9385 9646
24 355 643 1016 1298 1795 2285 2796 3089 3555 3572 3825 4337 5000 5340 5840 6281 6614 7144 7644 8130 8653 8884 9643 9902
26 356 750 1245 1513 1797 2066 2576 2639 2905 3498 3826 4015 4354 5031 5333 5816 6055 6365 6984 7338 7847 8107 8394 8886 9387 9903
26 357 730 894 1299 1548 2035 2298 2979 3319 3537 3820 4328 4583 4608 5100 5337 5854 6404 6612 6988 7396 7871 8377 8897 9647 9900
27 358 823 1032 1520 2024 2301 2846 3321 3573 4041 4577 5061 5338 5855 6415 6858 7149 7637 7861 7864 7873 8366 8635 9134 9394 9654 9906
23 359 824 1238 1591 2039 2367 2801 3348 3827 4332 4984 5106 5598 5600 6086 6477 7006 7369 7868 8378 8641 9146 9891
25 362 825 1033 1518 1784 1805 2536 2577 2807 3361 3828 4333 4612 5126 5605 6088 6618 6862 7371 7853 8134 8592 8940 9196 9895
24 363 568 827 1300 1836 2286 2814 3549 3575 3714 4068 4358 4835 5320 5612 6092 6620 7139 7612 7658 8137 8751 9258 9665
25 364 589 1037 1522 2049 2655 3098 3369 4067 4334 4843 5134 5601 5850 6283 6625 6863 7373 7638 7866 8131 8663 9271 9743 9950
24 367 830 1038 1658 2278 2289 2811 3365 3830 4069 4593 4864 5371 5856 5999 6343 6859 7372 7434 7760 8317 8652 8943 9615
23 368 579 1246 1534 2023 2290 2580 3048 3551 3831 4335 4842 4844 5460 6084 6543 6865 7344 7645 7875 8380 8888 9396
26 369 600 1039 1536 2062 2563 2850 2949 3354 3578 3836 4336 4846 5358 5604 6093 6754 7140 7375 7879 8376 8393 8890 9384 9680 9912
23 370 831 1303 1796 2292 2570 2800 3337 3809 4338 4847 5329 5606 6253 6627 7146 7787 7964 8597 8885 9316 9403 9904
25 371 833 1252 1512 1545 2294 2585 2860 3363 3838 4361 4879 5331 5789 6095 6629 7117 7154 7867 8042 8174 8887 9167 9649 9693
24 373 834 1304 1837 2537 2739 3099 3415 3988 4071 4072 4383 5074 5342 5857 6480 6847 7155 7647 8060 8388 8889 9389 9848
26 374 587 1258 1693 1757 2029 2529 3001 3378 4073 4339 4883 5568 5860 6050 6429 6864 7209 7503 7877 7881 8560 8894 9382 9651 9910
26 376 566 837 1262 1550 1807 2295 2803 3336 3582 4080 4342 4848 5098 5378 5862 6314 6770 7348 7870 8067 8382 8642 8895 9198 9896
25 377 606 747 1269 1306 1872 2296 2299 2805 3121 3584 3839 4152 4589 5108 5824 6097 6630 6873 7376 7880 8398 8914 9400 9907
28 378 533 835 1372 1544 2055 2799 3033 3546 3585 3840 3869 4083 4591 5099 5344 5611 6098 6350 6933 7562 7883 8133 8385 8896 9395 9698 9908
24 379 628 1042 1524 1786 2094 2606 3308 3586 4175 4594 5043 5339 5643 6107 6659 7121 7389 7884 8135 8603 8898 9401 9656
21 380 591 1041 1526 2022 2321 3020 3558 4075 4345 4852 5138 5796 6112 6759 7163 7798 8142 8654 9318 9660
25 381 520 1035 1531 1799 2071 2583 3126 3801 4092 4586 4615 4884 5345 5858 6074 6555 6906 7381 7812 8125 8391 8917 9397 9704
28 382 604 1050 1546 2056 2300 2861 3356 3598 4087 4587 4812 5341 5347 5614 6089 6336 6633 6672 7116 7148 7573 7885 8395 8464 8666 9322 9658
26 383 843 1273 1307 1553 1843 2099 2584 3090 3097 3829 4091 4619 5107 5356 5616 6285 6818 6945 7383 7887 8322 8689 9136 9655 9911
23 384 784 1276 1373 1812 2312 3023 3388 4086 4347 4609 5114 5617 6100 6635 7150 7447 7888 8399 8899 9405 9652 9915
23 385 528 1128 1719 2058 2574 3093 3593 4089 4348 4886 5555 6094 6344 6636 7151 7648 7890 8387 8656 9135 9407 9730
26 386 768 838 1309 1547 2302 2804 3095 3588 4340 4592 5217 5621 5861 6161 6593 6870 7407 7891 8041 8401 8892 8958 9409 9414 9916
25 387 644 1158 1729 1936 2355 2809 3100 3589 4110 4596 5113 5351 5584 5859 6366 6869 7300 7836 8368 8623 8973 9332 9752 9914
24 390 840 1495 2027 2326 3059 3417 4093 4349 4601 4603 5122 5507 5634 6137 6639 6874 7384 7650 8101 8392 8866 9368 9662
24 391 909 1311 1554 2060 2303 2812 3359 3802 4097 4393 5102 5360 5863 6295 6674 7132 7391 8068 8396 8950 9128 9200 9749
27 394 397 836 1159 1598 2030 2372 2950 3360 3841 4197 4853 5112 5323 5623 6101 6362 6875 7153 7471 7654 7987 8397 8903 9402 9422 9917
26 395 645 1026 1327 2031 2293 2315 2810 3076 3540 3590 4100 4588 4860 5361 6078 6297 6640 7156 7194 7655 8143 8625 9115 9571 9918
26 396 615 841 1312 1800 2246 2578 2813 3451 3842 4095 4547 4855 4862 5162 5792 6102 6445 6992 7480 7892 8402 8918 9398 9920 9935
23 398 913 1540 2025 2306 2816 3151 3600 4112 4350 4887 5365 5864 6315 6729 6960 7574 7845 8172 8647 9247 9659 9938
25 399 743 1052 1787 2041 2311 2808 3101 3564 3591 4115 4367 4872 5269 5828 6318 6642 7129 7162 7416 7981 8429 9126 9653 9940
25 400 423 495 967 1313 1551 1840 2308 2620 3324 3832 4111 4555 4856 5125 5644 6300 6774 7158 7656 8144 8643 9130 9406 9454
25 401 845 1537 1794 1815 2033 2313 2317 2818 3422 4101 4341 4636 5104 5368 5867 6452 6876 7386 7669 8151 8457 8919 9416 9924
25 403 580 839 985 1330 1790 2043 2319 2817 3075 3364 3599 4103 4676 5177 5647 6321 6641 6879 7345 7673 8321 8900 9293 9669
23 405 819 1047 1555 2038 2364 2819 3367 4096 4353 4641 5352 5588 6099 6544 6942 7164 7659 7893 8404 8901 9365 9802
24 406 901 1556 2037 2322 2823 3450 3845 4104 4556 5105 5364 5711 5909 6346 6644 7227 7661 8145 8655 9138 9412 9661 9960
25 409 521 1040 1053 1557 1802 2316 2328 2821 3374 3848 4359 4865 5383 5865 6431 6881 7427 7993 8146 8408 8905 9392 9666 9883
24 410 848 1314 1804 2026 2084 2586 3106 3604 4157 4858 5117 5448 5866 6109 6645 6885 7202 7872 8147 8673 9139 9509 9974
28 412 695 1054 1316 1808 2323 2565 2825 3102 3375 3594 3850 4582 4866 5140 5624 6104 6394 6893 7013 7662 7894 8150 8609 8904 9141 9501 9980
23 413 844 1339 1842 2324 2345 2826 3345 3595 3945 4595 4868 5367 5736 6129 6646 7159 7664 8154 8683 9299 9667 9925
27 414 851 1161 1601 1849 2378 2827 3381 3843 4107 4346 4355 4628 5110 5440 5554 5654 5869 6369 6887 7393 7916 8324 8627 8912 9418 9927
25 415 597 1062 1382 1816 2327 2365 2829 3128 3844 4117 4599 5111 5443 6103 6370 6884 6953 7394 7724 8140 8412 8674 9399 9898
25 416 852 1172 1606 2072 2405 2832 3368 3565 3851 4113 4364 4986 5326 5652 6329 6373 6894 7397 7895 8403 8657 9140 9147 9682
26 417 527 955 1541 1820 2090 2820 3131 3605 3857 4600 5116 5370 5872 6357 6647 6886 7161 7862 7897 8410 8660 9132 9419 9671 9983
22 418 853 1055 1768 2044 2329 2833 3391 3852 4357 4633 5148 5694 6108 6650 7203 7516 7896 8414 9100 9408 9672
24 419 530 854 1056 1539 1821 2332 2594 3137 3602 3853 4360 4870 5301 5627 5870 6330 6732 7166 7874 8074 8418 8921 9567
25 420 856 1057 1428 1822 2101 2587 3107 3611 4352 4604 5129 5628 5871 6374 6652 6898 7385 7675 8155 8420 8561 8981 9404 9919
23 421 857 1281 1558 2085 2135 2588 3110 3645 4120 4643 4890 5373 5657 6166 6653 7170 7671 8163 8902 8944 9427 9993
23 422 582 1059 1559 2089 2541 2834 3373 3603 3854 4121 4606 5131 5629 6351 6714 7165 7674 8161 8633 9142 9425 9929
28 424 920 1063 1562 2078 2531 2589 2735 2835 3111 3846 4124 4699 5118 5556 5874 6405 7141 7171 7401 7431 7901 8177 8664 8933 9411 9429 9686
23 425 622 859 1064 1818 2093 2590 3063 3567 3858 4590 4874 5353 5631 6302 6828 7377 7678 8400 8667 8948 9657 9928
27 426 860 1318 1854 2333 2519 2592 3129 3382 3856 4343 4610 5132 5607 6027 6376 6888 7174 7439 7898 8175 8406 8422 8922 9421 9705 9965
23 427 861 1319 1819 2082 2532 2839 3453 3762 4356 4611 5135 5376 5905 6379 6785 7173 7876 8035 8381 8668 9149 9673
25 428 538 872 1334 1823 2430 2977 3377 3807 4006 4362 4876 5349 5638 6110 6377 6655 7126 7485 8094 8419 8645 8924 9426 9930
26 429 863 1283 1563 1826 2337 3073 3140 3855 3859 4125 4607 4873 4878 5374 5630 5880 6381 6382 6892 7402 7776 8180 8707 9296 9931
23 430 865 1322 1607 2100 2824 3169 3568 3860 4584 4877 4918 5593 5832 6310 6678 7160 7580 7744 8340 8725 9150 9515
24 431 875 1340 1824 2103 2671 3330 3623 4045 4365 4627 5136 5637 6113 6466 6897 7176 7602 7865 8166 8468 9148 9434 9973
24 432 879 1499 1827 2325 2593 3144 3609 3979 4369 4880 5120 5359 5394 5873 6354 6817 7379 7583 7899 8621 8929 9435 9934
24 433 842 876 1216 1779 2054 2339 2840 3566 3861 4370 4882 4885 5141 5639 6105 6384 7012 7403 7900 8168 8681 8939 9663
28 434 855 1065 1565 1828 2334 2828 2845 3471 3597 3862 4344 4613 4867 4921 5380 5648 6111 6846 7177 7666 7889 7903 8383 8669 9116 9410 9664
23 435 540 1067 1568 1857 2348 2831 3079 3380 4108 4614 4888 5224 5835 6106 6385 6899 7404 7906 8649 8930 9430 9977
23 436 885 1341 2040 2335 2545 2854 3386 3863 4602 4828 5143 5400 5836 6355 6842 7016 7409 7910 8424 9002 9336 9932
25 437 968 1348 1801 2338 2558 2842 3112 3390 3952 4371 4616 5145 5625 5911 6383 6900 6903 7183 7829 8141 8451 9017 9433 9936
26 438 887 1331 1569 2252 2841 3113 3616 3864 4373 4889 5381 5386 5797 6269 6387 6866 7179 7665 7902 8426 8661 8932 9151 9436 9807
29 439 550 889 1332 1381 1830 2045 2350 2844 3122 3473 3865 4114 4374 5076 5137 5608 5876 6456 6648 6902 7182 7886 8170 8671 8936 9438 9679 9781
25 441 864 1029 1343 2048 2351 2847 3393 3606 4012 4375 4891 5018 5610 5879 6141 6430 6657 7029 7486 7905 8431 8907 9391 9937
26 443 908 1291 1570 2105 2511 2596 3081 3579 3620 4366 4618 4622 5227 5388 5882 6386 6654 6907 7184 7690 7908 8430 9063 9444 9939
25 444 627 870 1296 1573 2343 2595 2952 3182 3613 4109 4180 4661 4896 5408 6114 6393 6685 7349 7878 8416 8672 9152 9447 9944
28 445 448 636 1069 1344 2052 2358 2822 3334 3485 3898 4440 4895 5146 5653 6331 6649 6660 7180 7387 7683 7904 8176 8481 8937 9153 9670 9689
24 447 923 1542 2057 2366 2610 3318 3689 4126 4646 5147 5659 6359 6662 6692 7190 7405 7907 8164 8432 8911 9154 9691 9945
25 449 866 1070 1576 2120 2611 3115 3474 3868 4378 4648 4897 5446 6116 6395 6908 7380 7582 7913 8167 8433 8965 9347 9442 9949
22 450 868 1294 1571 2063 2369 2848 3481 3873 4380 4898 5354 5801 6118 6665 7398 7412 7914 8437 8717 9417 9948
25 451 874 1072 1353 1564 1670 2102 2597 3145 3617 4315 4871 5150 5641 6119 6399 6668 7191 7448 7769 8165 8470 8941 9445 9951
22 452 877 1337 1579 2309 2598 3118 3618 4363 4894 4901 5390 5935 6568 6910 7410 7918 8405 8788 9156 9518 9968
25 453 871 1074 1578 2075 2373 2774 2849 3394 3627 4182 4649 5319 5661 6360 6486 6909 7195 7685 7915 8171 8909 9157 9450 9692
23 455 710 1581 2081 2599 2870 3397 3870 4421 4657 4902 5391 5739 6120 6577 6928 7413 7919 8438 8945 9160 9674 9982
28 456 878 1302 1582 2079 2258 2764 3338 3596 3632 3876 4381 4903 5363 5804 6121 6410 6663 6671 7196 7415 7909 8187 8477 8665 8927 9413 9808
24 457 549 617 922 1084 1829 2164 2601 2862 3492 4116 4617 4900 5355 5671 6133 6461 7142 7417 7917 8194 8565 8947 9677
25 458 642 1094 1584 1863 2109 2608 3120 3866 3993 4270 4620 4909 5577 5883 6489 6966 7245 7584 7925 8439 8952 9161 9678 9952
25 459 634 1077 1585 2113 2830 3341 3824 4203 4904 5393 5570 5919 6402 6664 7229 7411 7691 7929 8124 8670 8953 9168 9847 9954
26 460 882 1345 1803 2065 2370 2614 3082 3395 3833 4025 4386 4905 5398 6122 6408 6911 7449 7920 8329 8440 8675 8678 9164 9446 9969
25 461 635 1305 1323 1354 1869 2092 2609 3181 3583 3874 4127 4672 5165 5655 6127 6676 7388 7695 8178 8791 9065 9420 9694 9986
27 462 646 932 1393 1831 2107 2486 2908 3592 3877 4368 4377 4642 5041 5403 5875 5924 6499 6936 7453 7921 8425 8445 8688 9162 9455 9987
26 463 651 1103 1593 1833 1835 2115 2573 2879 3420 3667 3880 4388 4906 5159 5842 6361 6411 6914 7455 7687 7736 8182 8676 8975 9451
25 464 1071 1346 1595 2069 2436 2618 3195 3619 4372 4624 4700 5369 5457 5877 6173 6483 6917 7461 7923 8443 8915 9070 9431 9792
23 466 884 1349 1586 2121 2579 2974 3406 3881 4385 4714 5149 5595 5896 6601 6868 7198 7418 7702 8417 8709 9172 9955
27 467 888 1225 1832 2108 2381 2864 3488 4074 4389 4907 5151 5642 5881 5966 6414 6877 6969 7265 7692 7931 8421 8677 9076 9537 9901 9967
24 468 891 1357 1814 2106 2375 2619 3123 3570 3882 4390 4910 5152 5646 6177 6733 7199 7693 7934 8179 8423 8908 9423 9706
