28 3160 2550 1330 7253 3367 7773 675 4089 1759 9317 886 9664 5905 7005 895 5409 7081 8023 9144 2696 329 9472 942 6077 2718 9765 1875 9768
29 5954 4759 5324 6258 4926 8697 682 1898 8914 7745 59 1002 5852 6665 1458 6837 7836 303 5980 7398 2958 7250 9193 1374 6745 2088 5374 6663 9784
29 2822 5370 9992 3333 3306 6444 4553 513 9675 409 3850 7122 1214 600 8915 278 9098 3805 842 3255 7821 3032 5088 732 9025 2308 3083 3403 1637
29 2921 6956 7096 4067 6983 1123 232 956 901 6160 5856 4818 9497 9434 4288 270 6323 4893 8171 9337 8473 3338 7659 1061 6832 7107 1550 3540 6301
29 5831 957 1196 6250 1049 2036 8500 3619 9619 9308 8055 7863 7838 4919 3220 5577 8764 7365 6058 6604 2361 9682 9536 6335 3015 4580 4058 1665 8618
29 7136 7006 5934 7982 1421 9719 7361 9183 5862 576 7816 822 7056 7288 557 9616 6204 3193 8304 829 1008 4755 9514 8770 7705 8750 6094 8683 722
29 3117 9360 9336 3618 1398 1715 5796 5596 177 8476 3336 7387 5281 9081 9959 8597 4129 6877 8495 5920 8612 7017 8451 3438 9633 6358 4257 2901 3952
29 2820 4581 4754 5237 5207 5066 5693 4350 8377 4388 5297 3055 529 133 4943 669 9630 1632 4389 7710 7170 8357 5649 5728 6366 7090 8928 4235 3810
29 9997 1660 4060 5462 2614 5724 5478 5446 927 9499 2230 7039 2124 9043 1774 3920 1840 3376 5038 5458 6803 5089 2655 7376 1682 6203 4793 9841 8009
29 835 8546 2332 8919 3953 7992 1095 7117 3430 7105 168 3606 7560 6192 3646 6321 112 7881 9706 5616 2733 8209 4426 7228 634 5398 8941 3829 7368
29 4506 9696 8432 5794 3373 7383 2053 3348 6978 9436 3813 868 2355 8686 3828 8882 5026 8217 4143 4786 3357 315 1331 3478 7119 4517 3758 4963 3386
29 7833 1415 5528 6003 7295 3347 132 4472 7660 5071 2513 9247 8604 3812 8761 8095 7546 884 4924 9897 6608 3200 8633 6769 8695 5285 5736 7315 694
29 8450 4634 2442 3005 9621 8663 704 3625 9491 4736 8668 8505 5441 6829 1145 2015 2224 8034 8156 1164 3749 1455 1328 8685 5936 4384 9731 4635 519
29 2603 3611 1060 9227 3763 3164 5610 9394 2613 9531 525 5064 6310 249 1553 6706 131 1858 3408 9083 5094 6196 4651 3066 1281 1361 4552 3580 7341
29 2854 3075 7787 3316 1745 4391 9537 883 5274 3675 1290 8943 2148 3695 6006 9252 6726 471 6417 6691 944 7954 4209 5599 1287 5747 4461 6390 7917
29 2139 4949 6265 8120 7543 7667 5201 9753 9853 6795 9771 4720 4376 1467 1094 9424 4693 9551 3822 4806 8064 8719 5180 2065 2731 3451 5789 1791 1289
29 9670 2146 4632 7120 2506 5860 8594 1342 1485 358 594 1889 1319 7388 1507 3896 4700 3891 2453 2192 2787 1041 9608 2383 6222 9535 2444 9410 4300
29 1959 3562 3503 928 1175 571 5224 1160 1411 565 8794 7275 3310 9769 2171 5540 5076 255 6443 7041 7874 2621 7224 2285 9713 427 3931 4708 6441
29 1785 8669 5889 7335 8699 5416 6731 8532 4385 1132 833 7706 3174 3771 4371 2300 2889 3068 7635 4405 9578 1072 9061 1878 3930 3760 8070 3422 4188
29 2635 3877 5245 6475 3762 1239 7016 8365 3745 2960 413 5329 8821 1952 5132 6904 6223 3359 2026 1201 9271 988 4403 4907 4020 2448 637 5418 4275
29 6933 1204 6879 4870 7890 1562 5901 9235 8517 1555 8511 9857 3975 3629 4918 9595 7499 8414 7563 6875 4982 7736 7600 464 7477 1629 3349 2634 7577
29 5260 8579 5756 5185 3268 1260 6452 964 9725 1679 4163 4844 8106 8115 989 2077 8288 4946 3329 1087 3097 7913 5319 9181 1815 5937 3958 3918 7722
29 493 8961 1842 7219 2767 6123 2258 7751 7111 9153 7473 2808 2720 2811 4226 5695 3650 6050 7133 8525 5623 366 3577 8802 8241 8880 3970 9873 6614
29 7590 1817 7984 1909 5566 2049 9302 9184 6470 5975 3835 5420 9218 6811 1401 9729 635 299 1523 2665 3140 2159 7465 2072 8554 4026 7008 4339 9914
29 333 9594 6796 5031 3582 1961 970 1340 7316 8728 1694 1557 322 7001 522 2225 8276 5493 100 6589 5283 1381 6986 2991 5864 9023 6271 2561 1154
29 2098 2517 9037 6928 2965 215 8178 5157 3882 6630 5781 1754 3314 8509 6772 2060 6492 4493 7510 1379 201 5995 8388 2360 517 2828 7371 6598 973
29 6261 8404 1734 288 7976 9761 5052 9571 5760 1532 1189 7811 5766 8639 664 9421 3409 1156 5841 148 4211 1514 5019 1479 9962 2572 7861 1946 6202
29 7759 1377 9942 6463 9416 9980 5499 4969 4465 9870 1852 84 2076 9233 4723 7018 3641 8158 7428 6020 8704 1663 963 3426 2214 127 2789 9847 3748
29 2734 8698 6578 6416 4219 7845 7637 7028 6854 7390 5059 3670 1003 8775 6208 9290 418 1351 7879 7582 6468 3523 2162 1874 105 882 5317 7178 6632
29 6599 8724 7918 6664 6030 5713 167 7526 2489 8993 1872 8214 8769 225 5048 8490 6530 5242 4404 7373 935 9245 5221 8393 787 2571 4592 5953 7911
29 3060 7186 4994 3044 5910 3275 8865 8620 4348 9737 2097 3407 116 7884 4551 7757 4838 226 3852 1116 3093 3538 9657 7717 3938 2385 120 4097 7234
29 2446 3968 2335 1818 9175 6005 4788 3297 3821 6740 8325 4657 1618 6010 4813 700 2753 6512 1652 6199 8048 4013 4121 7440 8043 6305 8105 1503 9770
29 2234 8502 3119 9646 6382 6278 7086 9456 2322 1081 1218 3286 3454 5874 9008 6100 2387 803 9509 9901 4731 8467 2588 2109 4961 1881 3664 8768 7820
29 5454 8267 4797 7581 5109 7603 5126 8111 8581 1602 4647 2062 1172 3879 7298 8550 4614 1495 840 3549 4285 3413 5243 2694 7713 7050 3840 4526 1651
29 2922 2381 3693 4214 9702 375 8711 679 8251 4263 9919 1168 527 2686 9381 9588 2466 2411 2246 6685 28 4772 3022 3424 344 2834 6161 9544 6576
29 2772 377 8125 5472 1422 8439 7022 1222 4953 6572 9420 3194 1919 7620 2560 6448 4955 414 1702 9294 7547 8881 4210 7354 3661 9320 9869 9918 5823
29 8033 6891 6497 702 1499 3845 7952 173 1420 848 3545 2943 8931 2577 5122 3753 388 3820 5150 3142 7504 2196 712 8940 5582 3993 2441 1399 1508
29 8103 7256 8983 3302 5668 6681 8526 2637 8828 550 2835 6318 123 3926 9217 9609 1606 7438 7578 4879 3178 4558 298 2302 2721 3959 1295 6974 411
29 4172 4574 3681 6155 291 5102 899 5742 5084 5568 5597 6354 4379 4294 4598 1439 1047 1645 759 7956 6700 8998 8763 9291 2203 6008 6371 9643 3232
29 5634 6543 4757 4535 6177 4181 2622 4356 4444 3212 7407 8857 3635 6176 7953 5652 7622 6326 705 7366 4198 2934 459 714 5459 575 8187 7996 9604
29 6428 9858 9791 5156 4046 1025 610 9477 8649 8182 2802 3035 5347 8332 8807 2006 5594 461 7040 6777 1356 4445 6694 1546 1812 9041 2123 2957 2681
28 7245 436 8026 3867 5598 6242 1689 9107 7869 4559 83 6238 5417 1188 475 3616 3740 2492 3248 3761 8361 9603 4155 4369 1762 2345 1739 6625
29 45 5354 6931 4068 5534 6869 9147 8831 888 5434 7743 6574 4266 9280 4743 7310 5730 5056 8420 3414 4606 9373 7339 3996 1957 4995 6881 7194 7260
29 8854 2191 3833 2482 3396 294 9242 6244 5739 204 6800 7195 8145 345 4829 623 5790 1906 8429 4991 4233 6108 1586 5016 1449 3796 2143 7399 9932
29 2368 5160 5595 108 7798 873 1042 3079 1149 7629 9548 4374 3290 799 178 9877 4737 3571 801 5605 8930 5364 9377 7520 8810 497 2915 3530 8670
29 9475 7735 7946 8431 6459 9263 6985 4231 1012 8783 2286 5584 778 9278 8137 6742 3605 9103 285 4016 4269 5004 6254 4468 4531 4479 6029 1106 8465
29 5679 9054 1437 2205 9669 3412 2057 2762 1127 4446 6185 7672 5803 7150 8650 3211 2226 1341 4860 7070 2543 4563 8789 9686 9353 172 2291 9995 3818
28 3042 5557 8080 130 3177 768 6105 435 437 2955 5311 8967 2900 143 1552 254 7221 1780 4451 5164 1949 6467 9004 5538 7518 9474 3062 212
29 1666 6557 4170 477 2578 3292 8006 5303 5312 3254 8894 7068 2685 6298 8140 4139 7750 985 7433 6064 1945 8359 7252 4721 2844 7968 1672 8631 3767
29 5266 1833 3361 6699 3410 8910 1055 7054 8000 4577 5035 4440 9007 4382 1308 8926 1272 1346 7064 5444 7226 8101 6465 9572 6577 7478 3719 4685 1921
29 6440 5262 4166 1014 8327 4156 3881 9565 6971 5074 5397 8878 8558 2004 2759 7044 1567 3004 3378 9911 2861 7266 1372 8648 6325 5559 8986 5877 6804
29 3039 7901 5967 7979 2573 2633 1760 2644 5223 7468 620 4728 6434 1097 4925 1453 9292 335 9534 6839 3282 1534 1570 661 856 641 8024 1345 5690
29 6613 2607 554 2858 2479 7436 4323 9943 8322 5763 8617 8159 8665 6908 4633 5775 9387 354 524 6949 9519 622 6583 2250 8637 4274 4353 3444 7649
29 2440 2198 528 5377 2135 4408 4730 2531 4145 230 5601 4988 8855 6684 305 5519 2798 5899 1246 6247 6458 8229 9063 5521 79 65 6633 6732 2436
29 6198 8372 8657 3339 817 6556 7842 6099 1167 5343 2243 1000 2397 9365 2730 4365 7888 5806 3088 1803 3017 346 4912 4999 218 1115 5280 7841 8629
29 1434 7313 5608 5965 2640 4655 6027 3669 8256 9231 6188 9110 6849 4930 6892 4312 2315 2231 7103 5977 3365 6642 3002 2796 4061 9579 5948 3038 7534
29 1179 8644 7574 9236 4 4784 4309 4828 8292 4174 7190 2760 4002 7701 6544 604 2206 8720 4812 7083 3965 8354 7902 6659 7125 2712 6755 6680 8909
29 8019 5955 2241 6231 4777 1515 4183 9406 74 2989 7409 9654 8691 9414 4448 9430 8599 8847 1366 3337 1476 8275 4176 814 1800 1263 8574 503 4347
29 156 9890 8205 1779 2755 5448 1994 4137 9495 4229 4679 4990 4952 7300 5962 2869 7758 4244 2839 3089 6219 5264 2443 4270 1576 2749 9071 2585 8696
29 6812 4349 9441 6493 9123 9708 2391 1368 9781 8123 4140 1908 9300 5073 4128 2125 8614 3184 2164 3566 6067 770 8632 1538 2938 8893 1638 8479 2423
28 1711 9887 2365 8717 8936 9097 1854 2410 8687 8025 2030 1292 3456 339 2220 5978 5541 5236 1291 7959 7420 5710 2336 197 1474 3120 9018 3808
29 1134 7642 6729 7331 8273 1659 2468 2771 8389 5700 1256 9029 8939 909 3942 9232 4970 8425 4572 3394 1696 7140 351 4510 1947 6637 9094 2936 4644
29 5876 7760 1247 665 8833 8277 9831 771 7392 5183 1360 560 8801 3543 643 7075 4378 5567 5617 8674 4208 8863 1129 6619 7517 9099 3697 1001 7021
29 1566 5233 9104 9732 6284 6876 2018 7866 2680 1519 4856 4127 4428 7712 3441 5095 7673 7273 2625 8161 4253 3307 11 9022 4877 205 1727 362 2518
29 2758 8607 2785 7752 6275 5436 1639 4566 5748 8588 8602 3392 6378 5367 866 3853 183 324 6695 4301 4939 3691 3578 1978 4984 4619 3474 655 8694
29 5959 4107 551 144 6910 9907 1229 1917 1802 5843 3794 353 5828 8446 844 1457 6078 6400 8291 9944 7786 3689 2566 7602 7281 4346 5970 5284 3708
29 9151 3265 553 7929 2350 8714 3346 7878 6764 3304 3637 9689 5768 1701 9334 917 6991 4094 2684 9195 2641 2471 2117 7734 9582 2706 9438 1268 697
28 5604 1030 256 7244 4622 2394 2298 4550 425 8493 3379 8815 7404 9389 7099 6629 9513 5098 5799 2449 727 8474 349 7868 5196 4872 1991 7747
28 9861 8128 8952 2940 9150 1430 8970 7369 7916 1118 4431 6999 1044 3502 5767 4335 8139 9405 7357 3600 7057 9722 3483 5660 1266 9774 1150 3555
29 4467 1764 4701 736 1964 2144 9825 7777 36 2415 373 1548 3721 3011 3061 3684 9047 3113 3056 6682 562 9715 5932 4908 1181 12 2273 2809 5211
29 9832 5645 3765 7638 4151 3671 4903 365 5302 4588 8013 7906 3020 3303 628 3888 4814 2407 4261 3245 5871 118 2199 1997 2626 4811 937 7806 75
29 9738 9328 534 1192 3735 7790 784 5433 8506 3887 3229 5501 7554 5451 1498 99 5479 7889 1931 2997 2676 9062 9496 4790 1594 6360 2119 7066 6164
29 8725 7794 9913 5537 3524 5896 2106 5170 6436 5277 3362 5279 2389 6941 5504 3525 407 2663 6120 4987 4225 9313 4449 6 262 8077 5375 3857 7492
28 2863 2090 6294 3951 9754 9773 3019 674 8840 4542 1092 2643 239 3393 1530 7515 7206 4453 1480 7403 6071 3070 9508 8777 2093 8272 3202 8753
29 7080 4671 5475 8118 9129 6211 3667 4377 5911 2947 8131 3273 9651 8185 1856 4477 8996 6724 1565 342 8600 5449 3994 1930 2862 7741 9971 7165 2103
29 3883 3827 2330 7922 7650 158 8176 3871 9044 8289 8258 7935 9179 3778 3983 9876 4623 4704 1743 6270 2932 8521 821 2197 8146 4762 8353 8265 4901
29 2150 2711 8523 502 273 7482 5671 7359 7927 1310 2799 2651 3131 683 5720 9344 6521 8461 2319 3252 154 6047 5358 3084 9865 806 451 2249 6835
29 691 9440 2874 9304 9095 2166 1131 3858 4190 9178 7257 8222 3121 3010 3175 1598 5590 762 7208 8 3564 723 6579 9978 6784 1967 6320 4771 6207
29 7318 4801 1364 7394 5116 7769 8991 8968 5512 2175 4726 7466 1747 3094 4011 3963 6111 4164 6739 1426 6984 9114 9849 1017 1209 2703 7817 7654 7272
28 3516 3179 6151 1822 5940 6868 3114 3420 3715 2009 8213 7282 6368 2576 6483 1713 9169 8900 9758 4778 4932 2579 8160 6907 2537 8596 4502 2623
29 5455 9194 4543 1205 3518 3036 740 3644 243 4264 7614 4019 8899 8390 1249 5443 2821 1654 1265 1884 1284 7311 6774 2294 6408 3041 7837 518 531
29 7678 7613 7015 1036 1152 3266 343 6522 5176 5900 391 1329 5352 1261 2114 9673 2462 756 923 3466 1026 8136 9539 4850 2264 31 7852 1551 8385
29 389 688 8927 3679 5826 9625 489 6057 1730 4641 4684 6590 2276 3730 8601 7615 8087 9624 9345 8703 9663 4968 898 3752 9112 3607 2371 2952 6090
29 6130 3756 5952 1037 6150 2352 5522 6437 1657 9220 4292 9087 4823 3685 6716 6147 6653 9077 5498 6736 3964 3230 6316 6289 3946 4412 3985 7805 7215
28 8980 1846 9756 6474 5999 7728 8798 4524 739 6472 6171 7076 55 6484 7233 7779 3869 7570 7333 3475 8405 8079 4336 4608 7164 3421 7903 9556
29 2995 4049 3991 8797 9079 4629 7203 3090 2247 2318 5474 881 9855 924 8149 920 1887 7248 1910 4499 7716 7293 7687 7128 859 5870 9505 9403 900
29 9058 724 9417 7042 9956 2555 4530 1238 2027 7078 7450 1724 5405 4215 3003 30 6565 7932 6938 875 4876 5143 9691 8088 2618 9563 5780 1851 3436
29 9053 4830 8386 4803 4415 593 1677 5138 743 5235 2909 4223 8844 3923 1968 984 1391 3552 4868 3372 7940 7454 8326 8510 4646 7930 9767 6830 7688
29 187 8039 2793 1407 6748 8765 3703 402 6218 8486 4262 521 9116 1544 3944 7238 2219 7591 1720 5431 2688 9048 9631 2884 2398 439 5507 6561 5208
28 7643 2847 3899 7969 5968 1923 3949 6817 200 7097 8318 1444 567 7104 8254 6438 4800 4191 2131 8692 4220 1019 5305 2491 3014 3092 5257 7555
29 3190 6791 6610 9522 6407 5251 4942 8737 794 219 7610 7082 1960 2790 1914 1894 1383 5001 1216 4439 1334 7113 8962 5571 3157 5950 1270 7422 6405
29 3183 2563 8654 4318 5298 4018 2359 6112 8460 6523 5238 4401 2044 1147 1146 2372 9507 8133 7023 847 5979 3862 3627 5686 8533 1634 3404 2668 7887
28 4904 9718 7871 4909 9397 3851 2642 2536 4799 6097 3110 7188 7340 4090 4368 6545 8667 1950 4653 9566 8809 6733 8965 3045 1404 166 5513 2587
28 3425 280 330 2228 7986 4677 8933 8577 4575 1971 2373 1402 2066 4074 2882 8610 8960 2299 3621 4159 8664 4173 7967 7524 7542 8305 3366 6843
29 2717 2830 5149 3643 1560 3380 813 572 9986 4413 3166 2891 9809 259 580 5842 8982 6905 1338 5853 3768 8676 1966 3135 2104 4682 3138 4707 4184
29 7849 9814 5041 563 8906 4009 3537 7467 8249 9658 3313 1564 5018 2977 213 3692 1571 5755 5415 8800 2172 5363 296 2434 6943 891 1801 9330 2367
29 6885 625 1365 5134 6374 7485 1093 3528 4874 6296 5603 2050 8659 5600 1905 1664 8200 716 6759 1043 3935 2102 9789 6569 7711 4532 8743 8819 9418
28 8232 4922 7439 1275 5456 6657 7375 8022 9338 7374 7536 7009 5913 9118 4851 5565 4525 6760 8300 495 9834 6592 1731 4959 7396 6074 9786 5473
29 9822 8561 1896 5113 6925 5423 1236 320 106 2832 4888 5412 5791 387 5015 6175 3343 5174 8269 535 4928 2002 7892 8902 2962 6929 8891 8387 1298
29 6340 9764 2890 5815 7109 2401 6566 1998 1882 6277 6531 8284 1320 6143 1494 8578 4240 9717 7285 2490 5807 2356 1497 1877 2691 3173 2807 4037 5453
29 6430 8184 9868 276 1863 1631 6304 9315 2310 5838 6697 6287 223 8826 5027 1052 3512 4310 2700 9846 6373 6805 5792 3713 7332 240 3024 7854 1363
29 7851 7855 3534 3903 7867 8250 3783 5506 2142 3176 6989 6927 6763 6182 2704 8908 3576 9426 1903 9644 2628 3864 8716 7052 3649 8776 9388 5470 63
29 3448 2648 9820 61 7084 4084 4627 185 4205 5821 3105 4533 8861 8278 6836 4177 2631 5287 8571 9429 6937 469 2529 25 3588 2942 3101 8360 6246
29 6056 1938 4338 6635 6620 2201 7408 6036 2679 4370 1431 8808 4456 1321 8279 6846 3939 7999 6476 2974 4206 5902 5011 4038 8567 8376 7319 6810 6511
29 8172 1824 1040 6402 9817 6348 9329 939 6547 4306 3262 3146 5282 2724 831 6462 1511 9046 8259 6035 6131 7862 9602 5017 8343 7677 9358 7270 4576
29 5371 750 9460 8586 4034 309 6049 3151 4724 2892 7847 6672 2705 6024 1885 6743 8221 9596 355 9693 658 765 3655 6478 3943 6495 3467 7978 4678
29 2870 9960 6214 9787 3259 9115 81 7110 2728 987 9363 5533 9750 9458 32 9716 1927 6466 2702 4853 4333 1979 3023 1869 651 2523 9615 3472 819
29 9145 3581 4057 8356 8950 1907 3722 4282 9393 7597 5055 1493 2825 986 5820 3463 5924 8843 7476 2598 9656 8071 8252 4326 2393 2779 7938 4254 2480
29 2223 6227 9117 6482 7279 3536 8726 6866 7592 1610 392 4519 8611 3705 157 713 5485 8757 6939 4686 1159 4816 8905 4783 7154 6972 3074 7608 419
29 2584 8453 6720 7309 3950 2085 908 3001 6738 5369 7268 7767 1585 6386 2903 2032 7196 6758 2133 7783 9386 7530 9306 5719 4490 1939 3816 3769 9204
29 5254 5325 8177 747 9073 8584 4278 6395 3465 5502 5366 8859 8616 2463 1892 2237 2714 5205 2118 463 4508 3750 8853 6782 4798 8244 4548 845 2149
29 4114 773 1768 2876 906 1264 2429 3103 5253 4055 1837 6862 7941 6601 7702 2185 6106 5884 5060 3690 8735 3593 3699 7306 4196 5215 2400 2810 9212
29 6975 994 8166 2244 6237 2775 4795 7489 6162 5012 9720 1206 115 8963 8489 2872 1673 8480 3031 4513 7548 6370 3154 4222 5813 4895 7926 6179 6422
29 9141 9157 9361 7060 2353 1681 8375 2450 6944 3320 4665 4290 2408 7809 2981 5646 5394 4836 2723 7095 867 5715 3257 8788 4271 6311 2814 5681 647
29 6096 7132 5503 6935 422 2746 4694 9745 9059 111 5530 7000 4696 5817 3054 4414 7159 6962 4787 807 9234 269 4848 6631 9759 4437 7631 9782 4916
29 1111 8299 4390 9251 2293 4573 8293 1770 8076 2843 1423 3431 6585 7308 922 4332 1536 2200 5123 9783 4491 2240 3521 7048 235 41 5618 2215 8392
29 3660 3198 3911 479 2048 3283 4302 3854 3905 7038 4204 3298 9372 189 7948 169 2708 834 9626 19 3736 5328 3712 5232 2248 47 6442 2879 9478
29 4891 6330 5532 4091 3126 4697 1076 184 190 2001 3144 4443 4212 5691 5994 264 9214 4482 7079 2208 5271 8280 8485 3163 2095 860 368 6264 7652
29 7320 3860 328 6864 3811 1985 1282 1151 4589 5425 8652 2474 6510 1870 3609 5299 379 9587 3162 3916 1090 9479 9623 2177 9576 9613 8374 5851 7502
29 2600 2698 2554 3324 1024 5705 5682 8328 420 2689 7761 8562 7007 3251 7276 1054 1828 1789 4475 9005 401 8102 8104 9523 4381 3906 6435 8715 7796
28 295 596 5213 6363 1776 5360 9665 1302 7931 363 8573 3434 6206 9824 3514 6075 3895 6343 8054 6285 9541 1153 7101 9032 6002 3979 1313 6135
29 9191 1788 8543 4769 676 304 1373 6686 9186 9885 9562 4687 2699 1056 9800 3389 9119 583 9928 179 7571 2764 7658 5091 6201 8061 3161 3059 1635
29 6781 7545 3772 4650 432 2339 9494 9622 9415 8211 4124 7824 1935 4583 1135 4230 3499 4118 8233 4649 5620 6116 9167 3706 7604 6377 578 9860 969
29 3636 5030 4794 3312 2756 6718 163 7988 2541 5822 8122 4435 8824 428 7919 6072 6607 2309 1845 591 488 6536 5190 1718 2885 4840 3072 9555 9154
29 4967 1143 8434 7894 6445 443 2840 5587 9084 290 8917 7423 7877 2675 9923 5956 6146 4738 1190 246 9926 6290 5155 7601 20 396 8290 5204 960
29 3353 7229 9166 1983 5855 5086 5058 4015 7748 6675 5749 1166 5661 4081 4417 3495 7700 7829 8186 9239 9105 7274 1506 8818 4367 6901 5859 8443 5987
29 5482 9246 7448 3385 2145 678 4096 3326 141 1370 1011 8008 564 1102 382 234 494 7129 3473 4886 2277 7451 1628 4150 4571 3734 5372 6952 5666
29 3187 3240 5583 487 9806 1016 6618 8454 2194 789 5222 1215 5395 8345 9002 5214 903 4043 3371 1582 7211 5145 9108 4733 1518 6041 1255 9015 8799
29 4611 7047 4259 2715 8261 6421 5166 662 4117 4900 4062 8047 1436 2014 1853 95 4125 6315 5043 1400 5858 1699 8922 3559 1279 6573 5712 265 2288
29 2849 929 5941 9685 9735 4227 1138 541 5053 9733 5514 2426 9187 8426 2617 5373 9264 5688 6336 774 7255 8748 9036 1108 4337 6012 5928 2386 6065
28 820 3210 281 2169 7416 504 3033 8673 6473 9126 9760 5404 5411 6508 8762 6841 2727 4541 3776 8822 7497 284 5589 1454 4228 4954 6947 2565
29 9581 5673 6600 6970 3844 684 2295 1245 8349 9339 7815 6707 2923 6187 3028 1866 1469 6628 3754 2650 6568 1617 5785 4039 44 8987 7729 5930 9700
29 8598 2163 3533 6623 7699 2147 62 2591 3984 3215 4579 3315 4892 4425 7258 5477 3213 1403 7848 3714 1561 3206 9205 7220 121 6153 340 5779 5638
29 719 1187 8366 5914 9884 9752 5867 5353 7240 8700 5659 9012 7785 954 3034 4167 1736 505 1741 8138 4668 9684 7933 9620 3614 5231 287 6650 5065
29 7138 4469 1424 3640 2195 837 9856 3335 5315 8904 5508 7802 9072 9287 6399 9712 1876 7994 8491 6957 5421 5544 6848 8811 1378 8218 5844 5551 4539
29 9392 6021 3128 1139 8540 721 2058 7872 1306 4031 4040 4168 334 4511 1170 998 14 887 2754 6314 1065 6825 9680 2454 3239 6052 5960 6038 470
29 3016 3384 7395 5942 9636 7177 2138 7598 3195 1120 1096 7753 2539 9068 7112 7924 2951 2327 2029 5078 3397 9840 7445 1277 3214 1428 4890 869 1911
29 6507 9688 416 429 4715 3610 9229 2744 2917 3069 7305 4028 6213 198 3801 6998 6714 5003 1684 742 6297 6158 5873 2405 6709 5650 7997 9607 6479
29 5588 3288 9584 4802 9836 4175 8957 6359 8848 974 2078 2986 3134 1091 1771 6048 1886 3085 2420 4670 1569 5172 50 7583 5391 8830 6722 8180 5517
28 5832 9443 8934 9930 8234 4001 1996 2232 3770 8040 1688 7213 4835 9694 2342 815 3535 7823 4187 1729 2180 6903 3498 6248 1396 8953 1697 8964
29 8141 2414 1468 5345 8282 6504 7185 9585 1525 7045 790 4153 292 5854 1482 1070 6851 8310 6526 1252 5494 8173 7895 7287 6761 3406 951 825 3517
29 9106 804 1348 5545 7161 5082 5744 6128 6919 4931 1849 3825 6456 5219 8883 6624 3073 2425 248 5778 9137 139 543 7714 8306 1943 1079 5042 3634
29 3249 7639 9743 350 9273 4192 8924 80 4044 7024 8628 2122 1698 5782 8901 4488 9209 5422 1955 7550 1157 206 6858 2427 8002 3197 4512 5562 3082
29 681 5524 726 26 8083 8693 7488 308 3427 3678 1074 3603 1742 6809 6757 9355 449 6963 905 6394 6349 5663 8427 1583 8522 480 145 6969 4915
29 2038 1568 5771 3519 5171 2358 7406 9485 3429 3785 5547 9089 8507 710 2893 8780 4538 5573 8643 8817 6934 9086 4624 3352 8736 3663 4674 9109 6787
29 6570 2156 3878 2916 4966 1462 7149 8679 4185 1193 2055 2052 2780 6951 5135 5270 1057 8333 3728 6140 1332 8557 6548 9881 8219 453 3030 4965 4659
29 327 8085 7793 2693 7707 8615 4495 7944 7981 468 8877 4047 7830 8482 4862 7102 2658 8196 8921 5103 3296 3223 1912 441 7094 7166 8317 2530 2994
29 9351 482 548 8503 3612 5020 35 9272 3192 1219 9056 9412 4100 3368 568 2251 5648 3109 4202 1748 748 8923 6926 113 2976 2329 5774 9296 7162
28 701 7606 9568 9019 9751 9241 216 6409 3185 6329 7950 2502 2842 680 2939 4109 5487 2660 3433 7067 8785 2476 9819 1714 8712 5849 6189 9192
29 1826 7205 9257 4099 4560 5945 7087 2745 8154 6567 3608 1825 4667 1483 5230 8223 3047 5154 3261 5061 5866 4024 6771 7523 5386 1820 8270 9724 5723
29 3592 8183 5903 2399 9454 7715 9955 9936 7405 1307 991 1023 6025 3199 4157 8713 9066 7813 7350 5288 4245 29 7197 3848 6920 5491 7772 6942 5885
29 7674 3720 457 7384 2430 2137 2346 1440 2289 465 4898 2040 1085 6137 8378 318 514 613 3737 7826 5165 8382 2987 2115 8803 7223 7470 2296 4131
29 5835 1599 4766 2512 7323 629 7572 3997 1821 2788 5429 9575 140 3136 7739 1068 8529 1013 8626 761 8340 7391 4463 6103 4297 2776 8236 764 9958
28 4115 1125 7496 3322 2930 397 2608 5457 9149 1671 5192 359 5259 9 6696 5378 8210 3594 6232 3217 1200 1018 2612 8032 6013 2544 2556 4747
29 586 2996 9366 6168 7985 2768 3443 8572 2470 2132 332 6252 1405 3464 2800 8942 9011 650 1625 2580 8021 3561 9503 983 6833 5276 2059 6587 5921
29 3440 5703 7235 3260 8872 7147 3731 7513 1707 2624 9973 38 6098 3584 9207 5114 3129 4406 3276 5139 8452 7034 9652 8576 2257 1705 4998 8216 2659
29 1408 159 656 3201 9967 8072 703 3587 720 4396 2735 300 9228 3807 2424 7126 193 3253 370 8795 9639 9210 1297 1716 2311 617 4268 3870 1445
29 7782 1573 7397 5997 2239 238 1521 8873 2477 2071 995 9704 8956 6471 7491 2287 2432 2806 6195 279 1755 5735 5776 8542 1958 5734 1473 9882 7527
28 4182 9288 9075 3914 9899 8966 8834 8920 9851 1242 9976 686 92 1642 6418 3672 4492 507 5463 3428 2605 1982 316 2638 6490 9423 7934 9404
29 7277 7179 5209 3099 3620 1217 6519 6994 8441 8912 9842 3553 5890 3317 8338 7556 7155 8155 8537 1075 7 1208 783 6141 8110 1486 9152 1690 9346
28 8044 8364 7695 3855 229 4867 3917 4809 1895 2183 4497 1589 2878 805 8348 8283 4843 2113 4763 4899 959 3861 8169 6431 1543 3148 4586 6088
29 3155 5097 7251 6117 3442 5051 4514 8718 1725 4158 2028 872 7990 7242 5072 8990 3814 5399 9779 5923 5321 3087 6241 754 652 378 3279 3080 5255
29 306 5801 188 3987 434 4636 8754 6286 793 9270 5904 54 9628 3893 1963 9681 5531 4321 9017 763 1984 3725 4296 149 5527 8658 8978 2804 9138
29 8078 9692 8492 5669 9120 2126 8634 5010 3100 3784 1516 8296 3834 3321 838 1535 6977 2975 8271 9516 7599 7827 9364 88 5795 5548 5845 9838 3116
29 8858 6982 5492 3921 7151 919 2439 5759 1777 4483 8224 7334 8721 5848 3446 7184 6170 7353 5655 5034 2081 1362 4613 809 1626 3601 6776 7533 582
29 8544 1752 3258 5675 1325 4250 5706 4394 8235 6584 3078 9979 5137 6486 7344 8362 1173 9471 5246 8496 7446 5576 7055 8084 892 9778 9383 946 3143
29 3873 1539 910 3919 3907 7430 2609 6205 6550 9203 3364 9728 228 8384 57 1783 6802 7585 8016 9521 5788 7263 1031 5337 3940 6798 8298 8887 7414
29 9601 5388 4807 3694 1737 4587 6551 7296 4017 7455 7036 3515 1244 7682 3063 4883 2312 1033 6527 1940 6401 1274 1318 7505 1981 4735 8784 8816 592
28 3216 3492 5555 3598 9190 5654 5619 4387 6750 6084 5578 997 5332 4218 1504 3897 6180 4010 608 260 579 4427 607 3141 8100 9422 4354 2719
29 3491 816 6200 1860 4455 1575 147 760 383 4110 7484 1045 907 4546 2666 2741 4656 8702 2988 5335 3597 2210 5558 3081 4936 9030 5698 7655 2980
29 1579 3104 9695 4937 1059 4005 1674 3486 1836 5293 7472 6191 5834 8371 8675 6365 6924 5825 9266 3666 8212 7182 9945 6053 2422 5685 3589 2016 9307
29 4523 2091 314 2263 4607 979 3242 5424 8793 1032 6069 3548 1920 7118 2683 6540 2130 4780 5733 3732 7971 7657 6489 1686 7616 3274 8037 126 2084
29 4119 4494 8971 40 1197 7249 8381 7896 2161 8483 4822 3507 3356 9464 7130 3344 3639 4103 646 1970 7749 7092 5085 6040 7923 5586 2895 283 6051
29 2586 3209 9591 7458 2860 7723 6500 2242 8518 7703 8330 1395 7370 5306 9256 7053 775 9262 6853 1733 2831 5141 5316 4108 7121 2501 7966 341 7364
29 9180 6257 5984 7636 5612 5868 9540 4116 6793 3683 1683 4564 1034 2354 6375 7033 633 5614 7141 967 7535 4849 6917 2778 181 9894 6821 7568 2338
29 3831 9561 7115 1862 9384 3757 8417 9439 6562 431 2068 9983 1695 430 6591 4421 5627 1611 4498 9801 7814 5339 699 2953 2498 3457 953 5991 7690
29 3766 2713 8399 1590 3954 5949 473 2908 3037 4864 21 8191 3147 5840 965 7069 8370 7217 8107 5179 6605 9649 1086 8112 2211 796 8640 9431 9577
28 1813 8383 446 6889 4200 5307 2673 9533 8642 4929 4064 8976 1489 1046 3723 3067 2653 5393 6054 7640 3924 8635 6273 4884 4973 2716 4791 2661
29 3709 1512 1531 2459 1558 171 7910 6369 252 3648 8760 6224 3435 7321 7586 7013 8972 5464 1471 7634 1463 9331 8852 1995 6818 3057 1678 5410 3399
29 1999 8246 1956 9699 4529 6912 971 5850 5887 925 8358 4882 8536 7740 7114 5356 4750 4645 6792 1101 6019 9744 4036 4741 3909 5032 9573 8470 4964
28 3922 6488 4238 3476 5244 9678 8727 7840 2233 7330 5413 6460 510 4713 5006 2283 6306 9647 7314 9171 7669 3673 8838 692 2627 2904 7839 4594
28 577 1359 810 4279 6516 6481 8756 4478 4938 7401 6210 2647 3124 6915 9091 7307 5037 6965 8199 9230 151 8163 1500 5359 8935 1015 2481 2157
28 8786 8472 2069 2971 8063 3733 9467 2238 9954 7661 1349 8294 8035 5664 9024 7681 2484 7181 3539 1757 1605 4810 4012 5515 3354 4380 2925 5240
29 6042 5147 182 8566 3295 8701 8281 134 8645 4289 9690 7345 3416 2589 1452 4148 8498 8336 7628 9401 3809 4859 8127 2896 5173 2105 1540 1653 6216
29 7653 1492 3937 5153 6102 9629 4948 4358 22 7671 5314 7939 5689 9792 2546 2508 9276 4596 500 9432 4203 3726 7498 5408 6828 4981 8744 6898 3595
29 8424 4501 5334 5881 4400 3716 8257 1322 7317 1304 2509 9908 4906 7549 1838 7271 1616 9553 3880 6469 3969 9206 3977 8192 2533 8165 7801 6142 85
29 3875 5535 9200 1410 7575 9462 6634 4273 689 9883 4857 7525 2998 2984 9796 9122 2692 6124 8444 1649 1384 2575 7461 4593 9285 4913 7004 6480 2107
29 526 1925 1285 9933 1053 8575 1412 2337 1767 7765 203 7267 6581 4603 7692 5268 7626 7292 7832 4846 3933 8342 7139 9953 7807 2848 7965 6647 6091
28 1808 3782 2649 8464 82 4314 6341 2313 6553 3487 715 636 9618 9010 5426 1122 645 7231 7964 8767 155 4075 3224 894 8782 8484 1533 7187
29 9413 4980 1339 6871 7742 5313 7327 250 8812 2176 2931 6651 5290 8020 5581 361 3418 5252 3222 3550 6095 317 2160 948 5985 9045 2380 2956 6588
28 5014 4303 9202 1520 7232 2912 941 6295 6300 1248 5509 4375 7949 877 2671 3458 2364 8116 6827 9088 1077 3221 9948 8747 7746 4197 8402 9354
28 42 5467 498 9128 5258 515 4221 1735 943 4958 9526 7377 1459 2645 7431 6226 9140 3432 2726 2871 136 7562 8179 5764 6327 624 2532 7775
29 1717 3832 687 9797 1505 4165 8368 2748 4083 1007 9835 9793 8455 9135 5075 5943 8999 4054 9929 438 5745 6855 6281 6887 4459 5593 6513 8879 4331
29 9168 5326 9635 2012 1608 4628 5022 996 3544 597 6138 5480 1934 4180 8329 7172 2695 8321 3244 46 6107 9369 5381 6260 9805 6673 3218 2528 4361
29 8220 1387 1805 3698 6790 3411 7719 2774 5878 5976 6357 9502 2495 6114 2615 9196 5642 302 8367 6555 2816 3358 1183 2376 4138 9828 5621 8307 7456
29 9049 94 5973 4239 1124 1795 7870 8897 6312 1427 1668 7108 3839 4601 5606 3674 5643 3231 8827 1850 827 7145 7501 3841 8845 8895 1607 8167 1648
29 3387 9213 8415 4327 7116 4983 8746 150 5401 1317 7243 7928 6178 777 5716 6166 3567 595 9867 9614 2880 3526 4362 6293 9208 6068 8771 4605 9600
29 7418 7382 7569 4458 3417 9096 5368 7441 5439 2919 1749 7771 7443 4749 9763 66 999 1 1656 1084 6372 6391 9569 5101 8197 940 1916 3334 4171
29 9159 9446 552 2 4050 7144 4858 7915 1354 5523 6263 6648 4658 2235 5800 1416 9409 5810 307 3976 8570 1843 4409 9221 8994 5430 6496 7153 2254
29 4078 5837 4122 3560 4386 9777 5683 6309 530 2538 718 1867 9222 6878 6228 9668 6384 5331 9726 6193 9319 8738 5765 3948 5261 5526 5489 6133 2507
29 175 9740 5195 8778 4249 706 2710 8488 4758 2722 7037 7531 5428 9845 7035 214 1050 4648 424 5047 6514 6852 9433 5009 77 8731 5591 3529 6491
29 6423 1130 5136 874 780 4718 4307 9892 5406 619 8499 1460 5497 3390 914 6611 1613 5419 1624 8098 7945 1155 2545 2964 5275 6988 1184 4063 6627
29 8995 3632 3630 7864 7367 4739 2375 3203 3341 9442 360 1182 6367 7792 2845 9283 3574 7808 9922 9512 7819 2377 7073 5342 6356 7804 1327 3188 1199
28 207 8835 7694 3462 879 6554 3272 4251 4247 9093 1899 1915 1144 3377 1392 7558 1117 8866 6900 8380 5961 8075 2483 3208 4291 24 1522 9527
28 4935 1191 8143 659 2752 15 5435 107 3777 1692 9917 1069 9370 2657 8560 8373 9427 2174 4086 2127 797 8344 9348 1951 9134 3652 4832 6121
29 9014 6897 4773 3659 779 9590 1547 3556 4545 3388 1104 4591 5830 6063 5972 3137 7514 9981 7684 3445 1357 4537 3947 8363 717 8682 3008 7718 2451
29 2851 4260 5846 2933 6973 3680 3847 7347 9848 8723 5322 9127 7596 6388 539 7171 4027 1763 1710 6788 5893 4744 9374 2732 2269 6159 1891 8268 2497
29 102 474 4568 9755 7442 9937 393 3040 8036 3865 3742 3058 8448 3449 9902 6439 8242 1195 3615 4441 7627 8430 614 857 8749 3779 3645 3159 5738
28 78 8730 8903 6092 8193 5783 606 9078 8876 5879 3743 7873 4295 1621 6670 3677 2245 4847 9896 9396 668 4620 5225 7618 7192 3668 7424 8351
29 4768 7297 3656 5112 5333 4286 9909 6752 9457 4500 9375 1723 7429 7860 4199 6220 1977 2379 9162 97 2366 757 2784 5665 1305 4695 1323 1954 2894
29 7584 90 8227 8625 1250 785 2920 9395 7163 6515 5906 9332 1933 6129 337 4373 9734 6649 6958 7241 4216 1859 2905 1375 4615 677 1027 4111 7326
28 9888 3452 6888 8052 3 6844 8410 3651 3724 1792 7091 642 9309 6272 7363 8031 2043 2792 7093 657 8181 6342 6702 6797 2866 7214 2099 4364
28 9435 8504 227 1772 663 1604 9121 7768 7142 8603 3228 6582 7459 3974 3477 4340 5040 6712 8973 1230 8091 7818 2025 5996 5536 5678 7921 4690
29 2209 3704 6461 1148 8613 8549 6816 5218 9240 3532 4489 3191 9466 412 5152 7853 8975 3960 6678 9946 9102 7469 6355 6317 6717 6667 6883 4767 9741
29 1574 6668 2954 1976 2253 6520 6622 9898 4025 6276 8391 4383 4147 603 6741 4280 8497 398 1286 2898 6165 3294 8622 6499 7411 5256 7174 2134 5107
28 4189 4805 4088 2305 1600 1293 9356 6389 5159 5403 9035 7983 5611 5993 6156 4839 2290 2910 6863 5087 3966 1687 6239 3112 581 4561 2349 3554
29 8946 7781 8170 9459 3331 7980 1203 6446 2064 3340 1986 9862 4547 2404 4779 2527 9040 5631 7961 9532 945 2438 2865 5158 4688 7856 2467 1367 1766
28 934 5130 7402 5553 6410 2873 6826 3513 4193 8477 8215 5124 4179 7663 1461 369 4051 6725 7732 5697 3617 5753 1311 442 3547 103 2850 5836
29 7426 9445 6245 7648 1597 8766 5912 7379 9990 5355 5793 4021 2262 6174 6873 2324 7898 2447 7225 6571 8301 3053 2284 4681 8247 3311 7764 3285 2388
28 9189 23 6640 4217 1890 6822 6221 7960 5496 6015 2260 8413 4092 3585 7493 9823 4106 4035 5708 1296 4920 1202 823 3729 9517 9398 5021 1397
29 1141 862 8740 8003 2141 6767 1300 3281 4880 8238 9067 5309 6948 7532 7557 6362 6376 1781 7943 9807 1234 6477 1447 4705 3859 990 9580 1212 7207
28 6229 9031 2000 7191 2906 4355 9803 4692 685 135 7522 3817 6018 1847 559 274 8401 2087 1058 5099 6831 3591 8739 8955 5725 9080 6524 1235
28 3153 6154 7358 1756 3391 1276 33 3480 3156 9889 9545 8552 1796 729 1353 7212 4555 1623 8997 3792 162 4000 932 9170 8068 4698 6842 9510
29 4466 2086 2152 9042 1429 8418 1198 4395 4630 6872 6856 301 8605 7612 9552 6453 4149 588 326 7098 1722 4283 2597 2063 3196 5471 2985 6546 3227
28 4052 6770 2813 8890 6283 8046 7061 8463 3802 7784 2522 933 3798 5761 8796 4146 9683 5692 9676 3012 6880 2190 5981 485 2505 8060 950 3021
28 1048 2351 8592 9224 9772 5990 8093 9380 902 7709 9173 2826 2033 1418 6338 9598 6079 2229 9641 8086 458 4484 3374 2812 7386 4352 5481 4712
28 2805 7566 8710 9891 1554 5797 930 9795 2403 5100 7503 2120 865 9501 8341 9325 2216 1240 244 5194 4154 146 9950 9886 8018 8582 9161 6656
29 3423 9038 1556 2599 6351 1257 5351 7393 4004 3481 3791 9952 8337 1744 3889 6134 6861 5628 8563 2827 4007 5814 880 7595 7544 7731 9829 5227 8311
29 6950 5383 3972 3781 3150 9322 2154 6902 5105 7580 1233 1799 6085 1929 947 4258 8534 3602 599 9237 5626 242 6501 7972 4666 9064 6404 2267 6906
29 5919 8896 4951 7698 9382 7180 6779 1904 1253 5704 878 384 4612 4423 3894 367 4232 9776 490 8208 1343 9402 2374 374 4411 9244 2031 6061 5193
28 1572 7175 68 8745 9268 9721 5188 5396 6535 1301 7131 9964 71 1829 6398 611 5880 1581 7262 864 707 4971 6899 6086 6415 1446 9645 1099
28 6392 7511 5721 5632 1465 9963 590 8478 4194 4363 3280 2178 4430 3065 8630 6451 7737 325 2271 4770 3793 6080 6909 3219 730 7951 6332 5988
28 4960 1595 6857 2469 8530 6255 3225 6393 9660 1676 6225 2153 3284 1406 1667 1819 618 3325 8113 454 8059 9399 2392 5677 7463 5926 6626 277
28 8097 1942 3701 667 653 1588 8320 209 3711 2511 7209 1709 7237 4986 1662 4902 1918 3596 6967 1901 1432 542 2824 5629 7788 852 8062 6279
28 9371 9498 915 6032 9627 1441 1593 2674 8398 2457 9368 8189 8666 3806 5727 8129 955 8119 9085 165 1251 8888 5624 6339 6533 2189 6542 711
29 1769 2766 8870 8875 8053 3122 3091 5784 4341 4785 4201 9993 403 7509 7058 6380 3837 9653 4742 5602 6641 5250 6560 6076 7508 8195 4940 2007 4087
28 152 4474 4808 5128 5520 6125 6616 2687 9554 7664 1435 2116 781 7043 210 6698 5958 3790 4399 8856 6031 9605 6661 3687 1509 2357 7474 3071
28 660 9447 5886 16 2535 3118 4313 9975 9451 1693 4460 2255 609 2944 5947 4072 4438 7210 2402 272 6913 2317 4267 3998 3936 4224 7123 8096
29 6808 4662 5197 598 2186 605 236 975 1064 1083 4833 5963 2520 9160 6414 4424 9297 6946 4842 3788 3189 423 876 37 7770 4947 371 4419 6148
28 4071 2496 3471 2384 3696 2024 1542 499 9994 5133 5175 3490 2606 6406 585 7124 7912 4085 7127 6381 4626 6066 9450 8203 8117 4600 1136 7908
29 6424 8653 5069 7552 1080 9258 6727 2136 841 1883 6609 9780 9216 8094 5220 8732 3927 3293 9480 3751 2035 1107 7987 9342 2478 4841 9444 5007 6172
28 5057 4246 4751 8547 462 8266 8201 9350 5757 2595 8260 7766 4825 5427 8148 1496 830 5389 5931 8457 8729 137 2079 640 7991 5729 9968 1773
28 1587 8394 8073 1100 1267 9549 3804 7227 9808 7304 8147 9703 1128 9844 639 6282 9893 17 8671 3077 5203 9225 7490 3351 509 390 9866 9827
28 5046 405 8017 9804 5148 4053 6427 9133 1121 4638 8089 6454 9303 4098 3152 492 7676 9567 8230 6549 6834 7204 3688 737 5711 9687 7362 6596
29 8849 1831 3460 9352 4186 7957 5348 174 2525 110 1226 2325 8231 4343 9996 1114 7630 2070 7447 6043 6118 142 5140 4366 486 1385 2670 6806 9895
28 9111 5944 3051 4957 2051 4082 9961 9648 980 734 5350 2948 2316 8334 9177 7763 2341 1073 3718 9199 9843 9550 1443 9124 9788 9927 4516 4014
28 13 8121 1807 69 5400 6322 6658 117 8541 871 2629 1630 6115 2682 512 96 2697 180 9730 7325 9357 7594 4265 8606 9934 8416 2075 9163
28 6197 275 8977 1835 3291 9027 7239 2794 2281 5028 4178 2656 7072 1223 1451 4845 3971 1336 483 3000 4675 5452 9301 4105 7152 7261 3305 202
28 4764 7030 128 3746 1220 5229 6676 1174 7680 9634 9910 67 6612 125 1409 8295 9419 2929 4719 8662 9275 3823 18 3493 621 4518 3381 3876
28 7937 4796 6959 1700 5005 5 2918 8001 7993 7812 9281 2412 8538 782 3271 9570 2564 1231 9701 7646 1987 8411 3542 6022 2819 1022 5002 4871
28 9714 8948 7173 8733 2323 3755 5167 7278 194 6690 3797 8755 5198 9672 1636 9757 5741 3885 8331 4863 921 2875 7857 7453 6867 5161 561 1868
28 4974 811 7421 5696 1448 4887 9864 2797 5802 9260 4945 8734 1280 4617 4351 3961 7437 4162 1823 6023 5656 267 2883 1254 6921 3345 2620 2678
28 3590 9136 1816 5895 8471 795 5125 6215 2846 8655 5036 8813 3095 7077 1063 6539 9295 812 7479 2458 7904 2669 8433 4664 9679 3962 6235 1993
28 602 9589 5564 8885 8204 7721 456 5875 5168 1089 569 5699 5869 6060 2739 958 2292 6387 5927 913 433 8428 7619 9557 5110 3168 8774 3570
29 9321 2765 7031 6655 5263 4248 4076 93 9324 8974 7942 5327 3127 3981 5379 3437 2593 2181 7027 8403 6034 160 4485 4255 6916 7156 5432 1738 6014
29 4141 7337 5653 5115 4710 2701 6710 0 2983 4527 1643 7355 6882 2743 9060 982 3799 6494 3007 3485 1775 1162 2729 1337 7521 2737 4422 6865 6575
28 7576 626 4503 3350 9520 7176 9407 7880 8528 9254 161 2935 331 673 3747 938 2445 4534 4595 9009 8069 4729 186 1347 8081 2907 8548 447
28 570 1425 8565 5516 9816 220 7891 9362 2303 7955 4281 6449 1262 6749 1517 6119 1225 2270 7573 3738 728 3469 5039 6688 731 7029 7294 233
29 962 8545 1712 5129 9612 8884 4093 4621 3780 4432 7875 7400 9249 6701 8109 8355 2108 4557 6083 549 2073 6109 5217 2751 566 3355 8585 3913 8636
28 7883 5241 2604 1278 3009 3049 1804 2853 4562 615 8253 798 7247 5839 4317 3662 64 9528 9473 3999 3497 3613 8985 3450 7858 8011 5029 4821
28 4065 3181 1021 7516 5226 8937 8564 2738 6163 1039 1526 6954 3360 1352 6433 7385 8028 4865 7168 6132 1438 9468 7480 8527 7280 9113 2969 2582
28 5465 5613 89 8049 1241 2677 6990 4672 261 7419 7032 5442 5108 6044 3401 4434 3890 2307 8868 6870 7686 9486 8243 5294 6308 4237 6564 7134
28 7633 2864 4507 3278 3323 6292 7538 5163 5969 4792 1622 4515 5024 8842 9935 981 6302 6249 268 2515 6923 8408 5234 818 5549 5092 6737 1185
28 7662 5336 7329 5461 5460 2992 8285 3489 1028 7462 4941 8437 2314 4602 4120 3370 8226 536 3773 4330 1355 1953 8647 8555 5805 6028 3826 7947
29 8099 4447 1704 7449 6563 5144 2301 3170 6186 1020 2725 6997 1303 8038 1358 2949 8867 1973 4911 3967 5722 3739 2553 7342 7970 3207 5216 4418 7264
28 9488 3505 5077 4311 4152 7865 5580 3299 9798 4520 1708 7432 1176 2817 4213 9564 3928 6487 6127 5469 3270 897 1527 5402 573 8225 6955 7348
28 4753 9243 7529 3682 421 3238 4486 6361 4003 7651 532 644 9739 8066 8135 5758 1169 5651 1806 672 129 9146 8308 2328 6059 2911 1928 5561
29 7914 3076 8678 3149 60 4933 792 1784 926 3086 9921 6183 1371 6735 2204 9666 9323 2047 4056 8869 9341 3980 2856 4993 7730 9347 4643 224 7417
28 8346 523 6819 2304 5182 4030 8239 9437 6331 5023 1228 4316 8352 1029 5786 9483 6009 5357 6528 6529 7085 8449 2340 5812 843 3522 966 1793
28 7148 3482 5476 1442 1644 2167 9599 2158 1797 5382 3494 3453 2019 8436 2151 4549 8758 9156 8419 7797 5888 2503 1811 4360 9698 6266 2968 5269
28 3363 2297 6595 4896 5181 8108 4722 6652 1098 5045 9500 5083 237 8015 5067 2581 8707 9998 9749 1273 4709 9610 1669 2926 6136 1010 8151 6017
29 4322 9662 1746 5247 7579 5726 9504 4487 6559 7835 3330 5550 8591 7025 7146 3657 4033 1224 8984 348 3787 8508 8772 1685 251 5787 3468 1315 4329
28 7427 3169 9131 896 2747 1787 319 7356 9289 4272 452 2370 6719 8255 9707 7200 4570 6045 2112 6525 4041 4324 5445 3727 638 8501 5178 8314
29 4804 3025 4765 5127 9076 2236 6411 2334 8005 2061 7336 4101 9906 6721 3941 5971 9560 3884 7003 347 3843 885 9101 7074 8708 3583 788 8932 7010
28 5777 8590 5740 9219 1380 8992 5323 380 2274 5687 8245 2897 2017 7346 9390 9400 7500 744 1563 6346 9638 6455 9661 7289 5466 4590 3106 5674
28 746 3171 1751 9606 8751 6016 1592 9762 6236 6860 2547 5998 5162 2973 1142 6968 2111 4752 4372 8312 7565 5992 8188 6838 9900 8916 8619 7886
28 4852 4397 5966 7724 7528 289 3479 4734 6328 2552 3546 5169 9655 6337 6502 2278 5187 8587 2344 9711 5414 9305 7512 9074 5882 7726 936 8898
28 654 8339 9951 850 8445 2279 2096 3182 9949 3908 9090 2887 2121 8814 3108 6644 6403 1450 1619 7507 4102 7169 195 7551 253 7900 8092 98
28 138 8207 6093 8130 9515 4104 7464 9182 7755 893 6914 5292 4402 6253 2970 5827 5295 241 9511 5891 6122 7452 3586 6534 9642 491 7593 537
28 1965 3235 7380 2042 3764 2101 2838 1258 3500 9818 5592 9871 7989 6457 4637 1488 52 5640 8379 8705 3658 8951 752 4320 9705 1464 4897 2217
28 9543 5939 8286 9039 1758 6966 8913 311 266 1980 4782 2946 394 5808 2464 802 6621 3327 2602 1844 410 1529 7897 455 2094 9164 9100 2155
28 1577 4392 6778 7020 952 7158 7800 2266 3234 6412 5983 4344 9490 3568 1830 6930 904 478 7283 5625 7920 1989 7666 4416 5344 8918 2786 7540
28 8057 27 9747 1051 5151 7679 8012 2331 1549 9274 8067 6552 5200 8925 1719 8688 5447 1640 2941 5267 6645 708 312 3510 1333 574 2829 6055
28 9988 6001 8969 7481 8074 3186 7412 1944 87 2320 546 9677 5847 4161 1726 8190 5248 5272 9597 6333 725 8157 9905 9766 2567 2067 6269 6730
28 2265 4066 1113 6234 3992 9915 91 4048 4640 6606 6705 1880 8989 6291 2369 9617 9469 4654 2045 1394 4234 5824 2437 7683 7617 2008 4962 4625
28 1386 2202 7611 1417 2168 6464 5863 800 9314 1269 2100 310 8722 861 8787 4815 1161 8082 3945 9746 6144 1782 1633 3459 9912 8228 2493 1864
28 1109 2583 4996 9592 8820 589 164 5376 3654 1545 9815 6145 1126 1879 7859 5546 6807 3125 4133 3029 1078 5437 1900 9020 415 587 2594 5392
28 2378 8440 7011 9408 3898 3318 630 6274 5090 3508 5964 2382 858 376 7656 1456 8319 7975 976 9028 1922 1481 7019 2261 9542 7843 4956 5486
28 3123 7720 450 3172 9139 4639 8494 1299 4889 6711 2763 4914 2092 9455 751 4756 1088 2321 7632 4711 6662 1232 695 3098 1227 3289 696 8114
28 2672 9727 7475 2472 3707 7621 7691 8264 5570 8206 6820 3631 3488 3269 7882 4112 7803 8313 7495 176 7434 293 3447 8535 9143 3653 6157 6537
28 5500 6347 5529 9052 5308 738 466 8423 8262 3565 7352 4873 5080 5330 6692 4727 9021 9174 2362 8580 5607 9318 6209 6324 6783 4827 8514 9969
28 2417 7222 8481 4824 5574 6580 5228 3803 4831 4334 9529 5488 2833 4748 7587 1832 3319 5773 8459 4142 3624 4342 826 7647 6181 5667 1350 2611
28 8709 766 1066 4442 6677 5714 5670 6538 1871 8988 8623 9057 855 6996 8475 9852 1848 5131 7963 4554 1475 3165 9637 1834 8981 1105 4585 9982
28 5062 9248 8850 8624 5585 4817 7299 3830 1603 6847 70 9821 2416 406 3461 2193 4496 6288 2022 5630 2455 9449 5341 5702 3988 6303 1211 7471
28 1641 352 49 1809 4123 3267 385 9310 8627 1082 3402 3982 9158 7962 5202 9197 6617 4706 2662 3395 9775 4462 7486 978 7106 9293 7885 3642
28 8551 1271 5917 2140 6073 6280 6859 7338 9425 4997 8862 6773 2818 3382 8124 9050 9999 4609 2460 4663 1902 2421 5380 4450 1393 3308 824 2791
28 4077 839 8781 9559 338 7607 8442 8263 5935 4241 9593 1524 6780 231 693 9810 4470 1213 4894 6004 5684 6723 1112 2990 5907 5543 9697 7559
28 7324 7708 1140 3866 9974 2569 3741 5772 9854 257 6586 2184 6429 5833 8422 3886 8519 2521 508 5929 9574 6420 808 8058 2170 2516 8240 1177
28 4398 7487 2418 7744 2013 9165 4975 2499 1326 1207 7776 741 3849 918 2348 7909 386 2227 5468 3900 3874 9176 8742 4746 5569 467 6240 1596
28 666 6671 336 7230 6113 7381 3300 2950 8469 2646 4032 5811 8512 2551 4471 2979 2485 7189 6307 2742 2773 3572 5120 3527 426 2487 5717 9799
28 3511 1035 6765 2736 3744 2221 4597 8553 2601 5490 2011 9092 8661 863 5346 8860 6104 7425 8947 104 1388 8126 7360 4042 6932 9916 8132 1627
28 3815 6425 191 9286 4716 6262 851 3647 670 3398 4774 5249 1972 5093 5804 4819 2945 2128 2639 9026 786 7905 9201 3237 9863 6823 2456 8395
28 6603 6687 2777 9130 357 4252 6167 1888 9006 5189 4293 2020 1962 1103 5104 7795 211 5554 6087 8656 9132 9879 3838 6011 6447 769 5897 6413
28 2182 5049 544 2570 7625 8462 8790 2435 4885 8944 4544 4565 6993 2428 9931 9830 6850 2690 2596 7160 6194 8202 9977 4407 9001 5054 4256 849
28 4760 286 1491 9632 3702 4393 1487 4642 7483 6344 1419 7645 2852 9736 2010 1382 2740 5957 5986 5362 2222 6089 5184 5819 547 9586 8589 6173
28 445 3247 2855 4717 9033 1969 8050 4950 8641 6708 9970 8907 1948 1761 9299 758 101 9671 9530 1180 9493 9259 5300 8174 1119 2959 6960 511
28 7828 3628 1186 5349 404 1913 4703 3439 9267 8593 2867 5701 9833 8007 533 4080 6518 440 1591 5111 9938 9013 9198 8823 7413 7089 3956 5273
28 3236 9538 3027 8949 4476 8421 4069 7675 5301 8150 4130 584 3686 5450 8871 5737 2972 2899 4023 4972 6070 1827 1857 9924 6660 9991 9650 2406
28 9282 4236 2005 2003 2841 6766 2868 6419 8458 4652 1861 2188 5438 9411 5191 6432 263 1578 9518 8524 2347 7567 3910 9277 9710 8959 6498 9255
28 9925 6152 8027 9378 6000 7286 3205 7561 4325 9376 7071 4136 5579 2967 2549 4207 2568 444 9875 3789 7254 2074 9813 8779 1937 556 1484 4789
28 4473 3929 4944 1614 6815 8651 7065 3934 1897 2083 6893 6814 5063 9367 48 6350 5013 5212 72 4725 8806 217 3995 3111 6704 7246 7322 9481
28 5798 9850 9940 4436 6922 555 745 6874 3167 5068 9839 5289 8938 3700 6895 7778 3013 8684 1006 4854 5933 8010 8045 6251 8660 4683 6639 7756
28 9215 8406 5908 1675 3139 1283 8569 2021 7693 6268 972 7059 2877 7623 4761 3978 7834 8804 2592 6558 1513 7665 1005 3800 2054 1071 9188 1778
28 6669 1062 9506 2037 8162 5525 9546 1541 1620 7876 4504 5770 9250 2534 5752 2256 8029 5385 5636 7372 6886 3676 4979 6713 5809 7435 6217 9941
28 2993 846 5865 3064 2343 6794 3573 9461 9327 6037 3892 76 5118 9185 1137 2475 4740 6689 4604 6987 3509 6840 8323 1786 7738 1615 836 5644
28 7995 1893 8513 9811 9428 1165 1865 5390 2707 8466 4732 4284 6082 4420 1413 3599 5081 4305 4837 2750 4536 114 6751 9253 4820 9003 4923 5707
28 6845 8447 2524 9984 4834 1794 43 4134 8874 5119 3506 911 3246 5265 9547 9794 7733 7410 4359 9142 9333 2363 735 2559 1975 7002 8412 7774
28 1472 1038 4660 4917 5829 8681 6267 3558 1609 472 4243 8350 8752 2165 4276 733 6768 6039 6505 5338 2486 9859 1841 9524 1798 6762 8583 7899
28 9155 9826 2836 6961 4195 6485 9989 9172 2207 5142 7925 4869 3241 1661 4776 3287 2419 3824 5750 5754 4073 1501 9903 9065 6506 2616 3633 9343
28 3256 5008 7014 170 4976 3836 8609 4315 4521 4095 7328 1389 709 2082 245 8759 8773 7143 631 7051 890 8014 6593 9667 749 6184 4881 3048
28 3145 6980 8134 4006 1178 6753 1750 1932 3018 1259 8677 8832 4992 8142 6450 3470 2110 9070 6775 5641 6081 4242 6541 5946 7791 5918 5050 5044
28 993 4433 34 9385 2395 9391 1004 4452 8680 6715 9812 5000 1490 2056 3786 3400 4059 912 4861 8397 9298 8287 6981 3842 7810 2268 4866 2494
28 9340 1312 6754 2526 1855 6746 8791 1194 8042 7062 648 8335 8248 8864 4277 7378 297 481 9016 7685 6243 6101 6911 1237 3710 9748 3872 4977
28 558 7704 7183 2769 9640 8954 2782 9939 1839 2280 8369 3955 3819 9261 8621 1221 6334 538 8608 9269 7198 6679 5657 1580 196 1655 8539 3375
28 2452 8152 5898 9785 3455 5883 5079 4454 8638 8689 8889 7958 6646 3132 9326 7564 7218 1941 4826 9000 7137 7389 4505 2927 5633 5609 4345 3531
28 671 3775 8851 5310 8237 3332 7201 9880 2542 6385 3986 5694 9311 58 2982 5505 222 5340 9316 3052 6126 3133 828 9082 8409 321 3901 5320
28 4661 7539 3575 968 4144 9874 8958 2409 8274 5407 2590 2857 916 4045 7012 9312 5484 247 9920 776 9265 3309 6602 2046 2709 1288 4714 9802
28 4616 6062 8297 2252 6313 4567 6643 8911 4079 6666 5647 8144 7312 4160 4855 6594 3204 755 772 1992 5762 6636 5575 4631 516 7789 6149 8194
28 2636 6597 854 460 3050 73 7349 3520 5769 7415 1309 2610 7589 8886 1706 4934 7236 2886 2259 2023 7269 520 2978 9878 8559 7553 2781 3504
28 7822 6683 3501 4480 9484 208 9223 1433 4457 2558 4921 9051 4985 1294 2837 5622 9674 6110 7624 3342 7302 8456 8690 2667 8516 9452 4135 3107
28 395 2795 7689 7026 6995 1133 4298 3904 1477 5070 5096 5106 109 1873 7893 3301 381 4299 992 9226 767 1110 8556 4905 6654 2902 5915 9837
28 8407 476 6046 5483 5680 221 9238 3243 5146 313 1158 6813 6728 1936 9359 2888 4509 9709 2473 122 5892 5518 5286 1470 6503 8487 9349 2630
28 9872 3551 271 2963 5658 2519 7605 6747 2937 4691 7284 5818 1650 7290 7844 3102 1537 1502 4357 1335 4528 506 4319 4008 9148 2881 870 1990
28 6190 3856 8400 9966 2664 7259 1344 6979 3130 7291 9482 8892 3622 6345 9453 5731 6940 5495 9985 4781 7303 6517 632 8515 8164 2306 5365 124
28 2823 7343 2557 961 1210 6379 2770 484 3158 8309 8153 6674 2465 9448 2540 86 4610 8041 3638 9125 4308 4569 6139 4287 3717 6397 8945 9558
28 5552 3496 3579 3932 3405 4304 6703 7541 2179 51 3863 4582 4410 2500 7831 3250 56 1584 8056 4464 7444 3626 8929 9069 8979 8792 2431 2783
28 1753 4878 4481 540 7519 791 3541 5556 3912 7135 2924 258 7846 2413 5732 8051 6353 1732 3569 6896 1528 1658 7977 5615 7100 2999 1559 7907
28 6638 6785 3383 8438 9790 1740 2129 6744 6230 6364 3484 6693 2390 7588 7265 5662 3043 5672 2272 5676 1814 9972 7998 4584 6532 9463 7697 5033
28 8595 9957 9470 8841 1390 5210 1243 8646 5861 3774 3277 1163 2859 7973 7725 8175 9659 5816 3263 7780 7193 1646 1974 3369 6169 2041 7850 4978
28 2652 1691 1670 8324 2966 7974 5637 4745 8004 5384 5304 2548 4599 7696 7199 5982 1376 2173 6789 6894 4029 6801 7754 7457 9476 3226 7537 2504
28 3233 4989 417 8829 3557 53 690 3604 5278 6233 6918 1988 6352 4578 1171 4113 4522 2333 8839 7825 8030 2089 8706 4927 2275 9904 5635 7049
28 3902 8468 5206 6509 5117 949 6299 6212 7202 3989 753 6976 5894 2632 6426 8168 6396 9487 6734 7506 364 5025 10 7644 1765 501 3868 8805
28 601 8568 1067 6936 627 9489 1414 5639 2039 6256 5951 39 8435 1314 7167 6786 5199 8396 7762 8825 6259 8065 9335 9034 2510 9987 4540 7063
28 8315 2803 5938 3264 2914 2801 4673 8741 356 7670 5440 2913 5974 1721 7088 2187 5239 4070 8198 853 4022 8531 7799 8520 192 3328 119 496
28 9742 7216 9492 7351 4126 408 5925 2574 7046 2654 1647 3563 4132 5909 5718 2757 6884 3419 5572 1510 5743 5872 6799 889 1316 9723 3957 7460
28 9284 612 6890 6756 3623 5318 9055 2433 1810 323 6033 5291 832 6945 3096 5746 9525 2488 4618 3915 3115 5922 8302 8672 4702 448 4775 3006
28 9211 698 4169 1926 931 7668 1009 5296 5510 5121 2928 3846 7157 2761 4669 2034 649 9465 8303 6383 1703 2619 8836 399 9947 1369 5361 7641
28 8090 6319 1924 5387 2815 2218 5857 9583 2961 400 7727 545 3795 3759 3026 4676 6953 5989 6964 4429 1324 3990 5709 5560 8846 1601 282 977
28 7609 7494 5511 2396 2212 1612 5916 6615 8316 1680 199 4689 3415 6026 3180 4328 8837 5186 3973 5563 2461 7301 2282 1728 2514 4699 2213 7936
28 1466 3665 6992 5751 4910 5542 6007 5177 2562 6824 3925 8347 2080 9279 153 2326 5539 3046 9611 9965 1478 9379 372 1790 616 4680 4556 4875
